2012-05-16 13:13:54.433 [info] <0.7.0> Application lager started on node helloworld1@localhost
2012-05-16 13:13:54.456 [info] <0.7.0> Application webmachine started on node helloworld1@localhost
2012-05-16 13:13:54.466 [info] <0.7.0> Application os_mon started on node helloworld1@localhost
2012-05-16 13:13:54.470 [info] <0.7.0> Application riak_sysmon started on node helloworld1@localhost
2012-05-16 13:13:54.495 [warning] <0.92.0>@riak_core_app:start:87 No ring file available.
2012-05-16 13:13:54.495 [info] <0.7.0> Application riak_core started on node helloworld1@localhost
2012-05-16 13:13:54.499 [error] <0.118.0> CRASH REPORT Process <0.118.0> with 0 neighbours crashed with reason: call to undefined function lager:info("Starting HTTP server on ~p", [3000])
2012-05-16 13:13:54.524 [error] <0.117.0> Supervisor hello_world_sup had child hello_world_vnode_dispatcher_master started with hello_world_vnode_dispatcher:start_link() at undefined exit with reason call to undefined function lager:info("Starting HTTP server on ~p", [3000]) in context start_error
2012-05-16 13:13:54.530 [info] <0.7.0> Application hello_world exited with reason: {shutdown,{hello_world_app,start,[normal,[]]}}
2012-05-16 13:19:09.355 [info] <0.7.0> Application lager started on node helloworld1@localhost
2012-05-16 13:19:09.381 [info] <0.7.0> Application webmachine started on node helloworld1@localhost
2012-05-16 13:19:09.396 [info] <0.7.0> Application os_mon started on node helloworld1@localhost
2012-05-16 13:19:09.399 [info] <0.7.0> Application riak_sysmon started on node helloworld1@localhost
2012-05-16 13:19:09.427 [info] <0.7.0> Application riak_core started on node helloworld1@localhost
2012-05-16 13:19:09.430 [error] <0.119.0> CRASH REPORT Process <0.119.0> with 0 neighbours crashed with reason: call to undefined function lager:info("Starting HTTP server on ~p", [3000])
2012-05-16 13:19:09.434 [error] <0.118.0> Supervisor hello_world_sup had child hello_world_vnode_dispatcher_master started with hello_world_vnode_dispatcher:start_link() at undefined exit with reason call to undefined function lager:info("Starting HTTP server on ~p", [3000]) in context start_error
2012-05-16 13:19:09.439 [info] <0.7.0> Application hello_world exited with reason: {shutdown,{hello_world_app,start,[normal,[]]}}
2012-05-16 14:57:50.667 [info] <0.7.0> Application lager started on node helloworld1@localhost
2012-05-16 14:57:50.695 [info] <0.7.0> Application webmachine started on node helloworld1@localhost
2012-05-16 14:57:50.706 [info] <0.7.0> Application os_mon started on node helloworld1@localhost
2012-05-16 14:57:50.709 [info] <0.7.0> Application riak_sysmon started on node helloworld1@localhost
2012-05-16 14:57:50.738 [info] <0.7.0> Application riak_core started on node helloworld1@localhost
2012-05-16 14:57:50.742 [error] <0.119.0> CRASH REPORT Process <0.119.0> with 0 neighbours crashed with reason: call to undefined function lager:info("Starting HTTP server on ~p", [3000])
2012-05-16 14:57:50.746 [error] <0.118.0> Supervisor hello_world_sup had child hello_world_vnode_dispatcher_master started with hello_world_vnode_dispatcher:start_link() at undefined exit with reason call to undefined function lager:info("Starting HTTP server on ~p", [3000]) in context start_error
2012-05-16 14:57:50.751 [info] <0.7.0> Application hello_world exited with reason: {shutdown,{hello_world_app,start,[normal,[]]}}
2012-05-16 15:00:37.467 [info] <0.7.0> Application lager started on node helloworld1@localhost
2012-05-16 15:00:37.491 [info] <0.7.0> Application webmachine started on node helloworld1@localhost
2012-05-16 15:00:37.501 [info] <0.7.0> Application os_mon started on node helloworld1@localhost
2012-05-16 15:00:37.506 [info] <0.7.0> Application riak_sysmon started on node helloworld1@localhost
2012-05-16 15:00:37.535 [info] <0.7.0> Application riak_core started on node helloworld1@localhost
2012-05-16 15:00:37.539 [error] <0.119.0> CRASH REPORT Process <0.119.0> with 0 neighbours crashed with reason: call to undefined function lager:info("Starting HTTP server on ~p", [3000])
2012-05-16 15:00:37.543 [error] <0.118.0> Supervisor hello_world_sup had child hello_world_vnode_dispatcher_master started with hello_world_vnode_dispatcher:start_link() at undefined exit with reason call to undefined function lager:info("Starting HTTP server on ~p", [3000]) in context start_error
2012-05-16 15:00:37.557 [info] <0.7.0> Application hello_world exited with reason: {shutdown,{hello_world_app,start,[normal,[]]}}
2012-05-16 15:00:50.928 [info] <0.7.0> Application lager started on node helloworld1@localhost
2012-05-16 15:00:50.956 [info] <0.7.0> Application webmachine started on node helloworld1@localhost
2012-05-16 15:00:50.970 [info] <0.7.0> Application os_mon started on node helloworld1@localhost
2012-05-16 15:00:50.974 [info] <0.7.0> Application riak_sysmon started on node helloworld1@localhost
2012-05-16 15:00:51.006 [info] <0.7.0> Application riak_core started on node helloworld1@localhost
2012-05-16 15:00:51.028 [info] <0.200.0>@riak_core:wait_for_application:396 Waiting for application hello_world to start (0 seconds).
2012-05-16 15:00:51.029 [info] <0.7.0> Application hello_world started on node helloworld1@localhost
2012-05-16 15:00:51.129 [info] <0.200.0>@riak_core:wait_for_application:390 Wait complete for application hello_world (0 seconds)
2012-05-16 15:00:51.135 [error] <0.202.0> CRASH REPORT Process <0.202.0> with 0 neighbours crashed with reason: call to undefined function lager:debug("started ~p at partition ~p", [hello_world_vnode,0])
2012-05-16 15:00:51.141 [error] <0.96.0> Supervisor riak_core_vnode_sup had child undefined started with {riak_core_vnode,start_link,undefined} at <0.202.0> exit with reason call to undefined function lager:debug("started ~p at partition ~p", [hello_world_vnode,0]) in context child_terminated
2012-05-16 15:00:51.145 [error] <0.111.0> gen_server riak_core_vnode_manager terminated with reason: no match of right hand value {error,{undef,[{lager,debug,["started ~p at partition ~p",[hello_world_vnode,0]]},{hello_world_vnode,init,1},{riak_core_vnode,init,1},{gen_fsm,init_it,6},{proc_lib,init_p_do_apply,3}]}} in riak_core_vnode_manager:get_vnode/3
2012-05-16 15:00:51.152 [error] <0.111.0> CRASH REPORT Process riak_core_vnode_manager with 0 neighbours crashed with reason: no match of right hand value {error,{undef,[{lager,debug,["started ~p at partition ~p",[hello_world_vnode,0]]},{hello_world_vnode,init,1},{riak_core_vnode,init,1},{gen_fsm,init_it,6},{proc_lib,init_p_do_apply,3}]}} in riak_core_vnode_manager:get_vnode/3
2012-05-16 15:00:51.156 [error] <0.93.0> Supervisor riak_core_sup had child riak_core_vnode_manager started with riak_core_vnode_manager:start_link() at <0.111.0> exit with reason no match of right hand value {error,{undef,[{lager,debug,["started ~p at partition ~p",[hello_world_vnode,0]]},{hello_world_vnode,init,1},{riak_core_vnode,init,1},{gen_fsm,init_it,6},{proc_lib,init_p_do_apply,3}]}} in riak_core_vnode_manager:get_vnode/3 in context child_terminated
2012-05-16 15:04:53.577 [info] <0.7.0> Application lager started on node 'helloworld1@localhost'
2012-05-16 15:04:53.602 [info] <0.7.0> Application webmachine started on node 'helloworld1@localhost'
2012-05-16 15:04:53.614 [info] <0.7.0> Application os_mon started on node 'helloworld1@localhost'
2012-05-16 15:04:53.618 [info] <0.7.0> Application riak_sysmon started on node 'helloworld1@localhost'
2012-05-16 15:04:53.644 [info] <0.7.0> Application riak_core started on node 'helloworld1@localhost'
2012-05-16 15:04:53.658 [info] <0.7.0> Application hello_world started on node 'helloworld1@localhost'
2012-05-16 15:04:53.764 [error] <0.131.0> CRASH REPORT Process <0.131.0> with 0 neighbours crashed with reason: call to undefined function lager:debug("started ~p at partition ~p", [hello_world_vnode,0])
2012-05-16 15:04:53.774 [error] <0.95.0> Supervisor riak_core_vnode_sup had child undefined started with {riak_core_vnode,start_link,undefined} at <0.131.0> exit with reason call to undefined function lager:debug("started ~p at partition ~p", [hello_world_vnode,0]) in context child_terminated
2012-05-16 15:04:53.795 [error] <0.128.0> gen_server hello_world_vnode_master terminated with reason: no match of right hand value {error,{undef,[{lager,debug,["started ~p at partition ~p",[hello_world_vnode,0]]},{hello_world_vnode,init,1},{riak_core_vnode,init,1},{gen_fsm,init_it,6},{proc_lib,init_p_do_apply,3}]}} in riak_core_vnode_master:get_vnode/2
2012-05-16 15:04:53.805 [error] <0.128.0> CRASH REPORT Process hello_world_vnode_master with 0 neighbours crashed with reason: no match of right hand value {error,{undef,[{lager,debug,["started ~p at partition ~p",[hello_world_vnode,0]]},{hello_world_vnode,init,1},{riak_core_vnode,init,1},{gen_fsm,init_it,6},{proc_lib,init_p_do_apply,3}]}} in riak_core_vnode_master:get_vnode/2
2012-05-16 15:04:53.811 [error] <0.112.0> Supervisor hello_world_sup had child hello_world_vnode_master started with riak_core_vnode_master:start_link(hello_world_vnode) at <0.128.0> exit with reason no match of right hand value {error,{undef,[{lager,debug,["started ~p at partition ~p",[hello_world_vnode,0]]},{hello_world_vnode,init,1},{riak_core_vnode,init,1},{gen_fsm,init_it,6},{proc_lib,init_p_do_apply,3}]}} in riak_core_vnode_master:get_vnode/2 in context child_terminated
2012-05-16 15:06:46.078 [info] <0.7.0> Application lager started on node 'helloworld1@localhost'
2012-05-16 15:06:46.104 [info] <0.7.0> Application webmachine started on node 'helloworld1@localhost'
2012-05-16 15:06:46.120 [info] <0.7.0> Application os_mon started on node 'helloworld1@localhost'
2012-05-16 15:06:46.124 [info] <0.7.0> Application riak_sysmon started on node 'helloworld1@localhost'
2012-05-16 15:06:46.150 [info] <0.7.0> Application riak_core started on node 'helloworld1@localhost'
2012-05-16 15:06:46.166 [info] <0.7.0> Application hello_world started on node 'helloworld1@localhost'
2012-05-16 15:07:12.521 [error] <0.248.0> 	module: misultin_http
	line: 708
error in custom loop: {undef,[{lager,debug,["Dispatching to ~p",[{1118962191081472546749696200048404186924073353216,'helloworld1@localhost'}]]},{hello_world_vnode_dispatcher,dispatch,1}]} serving request: {req,#Port<0.6179>,http,{127,0,0,1},49708,undefined,keep_alive,undefined,{1,1},'GET',{abs_path,"/"},[],[{'User-Agent',"curl/7.21.6 (x86_64-pc-linux-gnu) libcurl/7.21.6 OpenSSL/1.0.0e zlib/1.2.3.4 libidn/1.22 librtmp/2.3"},{'Host',"localhost:3000"},{'Accept',"*/*"}],<<>>,false}
2012-05-16 15:07:12.594 [error] emulator Error in process <0.249.0> on node 'helloworld1@localhost' with exit value: {undef,[{lager,debug,["Dispatching to ~p",[{1118962191081472546749696200048404186924073353216,'helloworld1@localhost'}]]},{hello_world_vnode_dispatcher,dispatch,1}]}

2012-05-16 15:08:07.254 [info] <0.7.0> Application lager started on node 'helloworld1@localhost'
2012-05-16 15:08:07.277 [info] <0.7.0> Application webmachine started on node 'helloworld1@localhost'
2012-05-16 15:08:07.287 [info] <0.7.0> Application os_mon started on node 'helloworld1@localhost'
2012-05-16 15:08:07.291 [info] <0.7.0> Application riak_sysmon started on node 'helloworld1@localhost'
2012-05-16 15:08:07.318 [info] <0.7.0> Application riak_core started on node 'helloworld1@localhost'
2012-05-16 15:08:07.336 [info] <0.7.0> Application hello_world started on node 'helloworld1@localhost'
2012-05-16 15:15:05.486 [info] <0.7.0> Application lager started on node 'helloworld1@localhost'
2012-05-16 15:15:05.520 [info] <0.7.0> Application webmachine started on node 'helloworld1@localhost'
2012-05-16 15:15:05.533 [info] <0.7.0> Application os_mon started on node 'helloworld1@localhost'
2012-05-16 15:15:05.537 [info] <0.7.0> Application riak_sysmon started on node 'helloworld1@localhost'
2012-05-16 15:15:05.551 [error] <0.98.0> CRASH REPORT Process riak_core_handoff_listener with 1 neighbours crashed with reason: bad return value: {error,eaddrinuse}
2012-05-16 15:15:05.560 [error] <0.92.0> Supervisor riak_core_sup had child riak_core_handoff_listener started with riak_core_handoff_listener:start_link() at undefined exit with reason bad return value: {error,eaddrinuse} in context start_error
2012-05-16 15:15:05.564 [info] <0.7.0> Application riak_core exited with reason: {shutdown,{riak_core_app,start,[normal,[]]}}
2012-05-16 15:15:19.426 [info] <0.7.0> Application lager started on node 'helloworld1@localhost'
2012-05-16 15:15:19.458 [info] <0.7.0> Application webmachine started on node 'helloworld1@localhost'
2012-05-16 15:15:19.470 [info] <0.7.0> Application os_mon started on node 'helloworld1@localhost'
2012-05-16 15:15:19.474 [info] <0.7.0> Application riak_sysmon started on node 'helloworld1@localhost'
2012-05-16 15:15:19.494 [error] <0.98.0> CRASH REPORT Process riak_core_handoff_listener with 1 neighbours crashed with reason: bad return value: {error,eaddrinuse}
2012-05-16 15:15:19.501 [error] <0.92.0> Supervisor riak_core_sup had child riak_core_handoff_listener started with riak_core_handoff_listener:start_link() at undefined exit with reason bad return value: {error,eaddrinuse} in context start_error
2012-05-16 15:15:19.508 [info] <0.7.0> Application riak_core exited with reason: {shutdown,{riak_core_app,start,[normal,[]]}}
2012-05-16 15:17:19.783 [info] <0.7.0> Application lager started on node 'helloworld1@localhost'
2012-05-16 15:17:19.818 [info] <0.7.0> Application webmachine started on node 'helloworld1@localhost'
2012-05-16 15:17:19.829 [info] <0.7.0> Application os_mon started on node 'helloworld1@localhost'
2012-05-16 15:17:19.833 [info] <0.7.0> Application riak_sysmon started on node 'helloworld1@localhost'
2012-05-16 15:17:19.857 [info] <0.7.0> Application riak_core started on node 'helloworld1@localhost'
2012-05-16 15:17:19.879 [info] <0.7.0> Application hello_world started on node 'helloworld1@localhost'
2012-05-16 15:20:16.268 [info] <0.7.0> Application lager started on node 'helloworld1@localhost'
2012-05-16 15:20:16.303 [info] <0.7.0> Application webmachine started on node 'helloworld1@localhost'
2012-05-16 15:20:16.314 [info] <0.7.0> Application os_mon started on node 'helloworld1@localhost'
2012-05-16 15:20:16.318 [info] <0.7.0> Application riak_sysmon started on node 'helloworld1@localhost'
2012-05-16 15:20:16.349 [info] <0.7.0> Application riak_core started on node 'helloworld1@localhost'
2012-05-16 15:20:16.352 [info] <0.113.0>@hello_world_vnode_dispatcher:init:35 Starting HTTP server on 3000
2012-05-16 15:20:16.352 [info] <0.113.0>@hello_world_vnode_dispatcher:init:38 Serving static resources from "/home/antares/Development/Opensource/misultin-riak-core.git/www"
2012-05-16 15:20:16.363 [info] <0.7.0> Application hello_world started on node 'helloworld1@localhost'
2012-05-16 15:57:39.039 [info] <0.7.0> Application lager started on node 'helloworld1@localhost'
2012-05-16 15:57:39.070 [info] <0.7.0> Application webmachine started on node 'helloworld1@localhost'
2012-05-16 15:57:39.081 [info] <0.7.0> Application os_mon started on node 'helloworld1@localhost'
2012-05-16 15:57:39.084 [info] <0.7.0> Application riak_sysmon started on node 'helloworld1@localhost'
2012-05-16 15:57:39.108 [info] <0.7.0> Application riak_core started on node 'helloworld1@localhost'
2012-05-16 15:57:39.111 [info] <0.113.0>@hello_world_vnode_dispatcher:init:35 Starting HTTP server on 3000
2012-05-16 15:57:39.111 [info] <0.113.0>@hello_world_vnode_dispatcher:init:38 Serving static resources from "/home/antares/Development/Orceo/proxima.git/www"
2012-05-16 15:57:39.122 [info] <0.7.0> Application hello_world started on node 'helloworld1@localhost'
2012-05-16 16:17:30.121 [info] <0.7.0> Application lager started on node 'helloworld1@localhost'
2012-05-16 16:17:30.156 [info] <0.7.0> Application webmachine started on node 'helloworld1@localhost'
2012-05-16 16:17:30.168 [info] <0.7.0> Application os_mon started on node 'helloworld1@localhost'
2012-05-16 16:17:30.172 [info] <0.7.0> Application riak_sysmon started on node 'helloworld1@localhost'
2012-05-16 16:17:30.195 [info] <0.7.0> Application riak_core started on node 'helloworld1@localhost'
2012-05-16 16:17:30.198 [info] <0.113.0>@hello_world_vnode_dispatcher:init:35 Starting HTTP server on 3000
2012-05-16 16:17:30.198 [info] <0.113.0>@hello_world_vnode_dispatcher:init:38 Serving static resources from "/home/antares/Development/Orceo/proxima.git/www"
2012-05-16 16:17:30.209 [info] <0.7.0> Application hello_world started on node 'helloworld1@localhost'
