2012-05-16 16:25:44.501 [info] <0.7.0> Application lager started on node 'proxima2@localhost'
2012-05-16 16:25:44.533 [info] <0.7.0> Application webmachine started on node 'proxima2@localhost'
2012-05-16 16:25:44.545 [info] <0.7.0> Application os_mon started on node 'proxima2@localhost'
2012-05-16 16:25:44.550 [info] <0.7.0> Application riak_sysmon started on node 'proxima2@localhost'
2012-05-16 16:25:44.576 [warning] <0.91.0>@riak_core_app:start:87 No ring file available.
2012-05-16 16:25:44.576 [info] <0.7.0> Application riak_core started on node 'proxima2@localhost'
2012-05-16 16:25:44.589 [info] <0.112.0>@proxima_vnode_dispatcher:init:35 Starting HTTP server on 7501
2012-05-16 16:25:44.589 [info] <0.112.0>@proxima_vnode_dispatcher:init:38 Serving static resources from "/home/antares/Development/Orceo/proxima.git/www"
2012-05-16 16:25:44.608 [info] <0.7.0> Application proxima started on node 'proxima2@localhost'
2012-05-16 16:25:55.841 [info] <0.372.0>@proxima_vnode:handle_command:36 Serving a GET request~n
2012-05-16 16:25:55.842 [info] <0.372.0>@proxima_vnode:handle_command:36 Serving a GET request~n
2012-05-16 16:25:55.842 [info] <0.372.0>@proxima_vnode:handle_command:36 Serving a GET request~n
2012-05-16 16:25:55.842 [info] <0.372.0>@proxima_vnode:handle_command:36 Serving a GET request~n
2012-05-16 16:25:55.842 [info] <0.372.0>@proxima_vnode:handle_command:36 Serving a GET request~n
2012-05-16 16:25:55.842 [info] <0.372.0>@proxima_vnode:handle_command:36 Serving a GET request~n
2012-05-16 16:25:55.843 [info] <0.372.0>@proxima_vnode:handle_command:36 Serving a GET request~n
2012-05-16 16:25:55.843 [info] <0.372.0>@proxima_vnode:handle_command:36 Serving a GET request~n
2012-05-16 16:25:55.843 [info] <0.372.0>@proxima_vnode:handle_command:36 Serving a GET request~n
2012-05-16 16:25:55.843 [info] <0.372.0>@proxima_vnode:handle_command:36 Serving a GET request~n
2012-05-16 16:25:55.843 [info] <0.372.0>@proxima_vnode:handle_command:36 Serving a GET request~n
2012-05-16 16:25:55.844 [info] <0.372.0>@proxima_vnode:handle_command:36 Serving a GET request~n
2012-05-16 16:25:55.844 [info] <0.372.0>@proxima_vnode:handle_command:36 Serving a GET request~n
2012-05-16 16:25:55.844 [info] <0.372.0>@proxima_vnode:handle_command:36 Serving a GET request~n
2012-05-16 16:25:55.844 [info] <0.372.0>@proxima_vnode:handle_command:36 Serving a GET request~n
2012-05-16 16:25:55.844 [info] <0.372.0>@proxima_vnode:handle_command:36 Serving a GET request~n
2012-05-16 16:25:55.844 [info] <0.372.0>@proxima_vnode:handle_command:36 Serving a GET request~n
2012-05-16 16:25:55.845 [info] <0.372.0>@proxima_vnode:handle_command:36 Serving a GET request~n
2012-05-16 16:25:55.845 [info] <0.372.0>@proxima_vnode:handle_command:36 Serving a GET request~n
2012-05-16 16:25:55.845 [info] <0.372.0>@proxima_vnode:handle_command:36 Serving a GET request~n
2012-05-16 16:25:55.845 [info] <0.372.0>@proxima_vnode:handle_command:36 Serving a GET request~n
2012-05-16 16:25:55.845 [info] <0.372.0>@proxima_vnode:handle_command:36 Serving a GET request~n
2012-05-16 16:25:55.845 [info] <0.372.0>@proxima_vnode:handle_command:36 Serving a GET request~n
2012-05-16 16:25:55.846 [info] <0.372.0>@proxima_vnode:handle_command:36 Serving a GET request~n
2012-05-16 16:25:55.846 [info] <0.372.0>@proxima_vnode:handle_command:36 Serving a GET request~n
2012-05-16 16:25:55.846 [info] <0.372.0>@proxima_vnode:handle_command:36 Serving a GET request~n
2012-05-16 16:25:55.846 [info] <0.372.0>@proxima_vnode:handle_command:36 Serving a GET request~n
2012-05-16 16:25:55.846 [info] <0.372.0>@proxima_vnode:handle_command:36 Serving a GET request~n
2012-05-16 16:25:55.847 [info] <0.372.0>@proxima_vnode:handle_command:36 Serving a GET request~n
2012-05-16 16:25:55.847 [info] <0.372.0>@proxima_vnode:handle_command:36 Serving a GET request~n
2012-05-16 16:25:55.847 [info] <0.372.0>@proxima_vnode:handle_command:36 Serving a GET request~n
2012-05-16 16:25:55.847 [info] <0.372.0>@proxima_vnode:handle_command:36 Serving a GET request~n
2012-05-16 16:25:55.847 [info] <0.372.0>@proxima_vnode:handle_command:36 Serving a GET request~n
2012-05-16 16:25:55.847 [info] <0.372.0>@proxima_vnode:handle_command:36 Serving a GET request~n
2012-05-16 16:25:55.848 [info] <0.372.0>@proxima_vnode:handle_command:36 Serving a GET request~n
2012-05-16 16:25:55.848 [info] <0.372.0>@proxima_vnode:handle_command:36 Serving a GET request~n
2012-05-16 16:25:55.848 [info] <0.372.0>@proxima_vnode:handle_command:36 Serving a GET request~n
2012-05-16 16:25:55.848 [info] <0.372.0>@proxima_vnode:handle_command:36 Serving a GET request~n
2012-05-16 16:25:55.848 [info] <0.372.0>@proxima_vnode:handle_command:36 Serving a GET request~n
2012-05-16 16:25:55.848 [info] <0.372.0>@proxima_vnode:handle_command:36 Serving a GET request~n
2012-05-16 16:25:55.849 [info] <0.372.0>@proxima_vnode:handle_command:36 Serving a GET request~n
2012-05-16 16:25:55.849 [info] <0.372.0>@proxima_vnode:handle_command:36 Serving a GET request~n
2012-05-16 16:25:55.849 [info] <0.372.0>@proxima_vnode:handle_command:36 Serving a GET request~n
2012-05-16 16:25:55.849 [info] <0.372.0>@proxima_vnode:handle_command:36 Serving a GET request~n
2012-05-16 16:25:55.849 [info] <0.372.0>@proxima_vnode:handle_command:36 Serving a GET request~n
2012-05-16 16:25:55.849 [info] <0.372.0>@proxima_vnode:handle_command:36 Serving a GET request~n
2012-05-16 16:25:55.850 [info] <0.372.0>@proxima_vnode:handle_command:36 Serving a GET request~n
2012-05-16 16:25:55.850 [info] <0.372.0>@proxima_vnode:handle_command:36 Serving a GET request~n
2012-05-16 16:25:55.850 [info] <0.372.0>@proxima_vnode:handle_command:36 Serving a GET request~n
2012-05-16 16:25:55.850 [info] <0.372.0>@proxima_vnode:handle_command:36 Serving a GET request~n
2012-05-16 16:25:55.850 [info] <0.372.0>@proxima_vnode:handle_command:36 Serving a GET request~n
2012-05-16 16:25:55.850 [info] <0.372.0>@proxima_vnode:handle_command:36 Serving a GET request~n
2012-05-16 16:25:55.851 [info] <0.372.0>@proxima_vnode:handle_command:36 Serving a GET request~n
2012-05-16 16:25:55.851 [info] <0.372.0>@proxima_vnode:handle_command:36 Serving a GET request~n
2012-05-16 16:25:55.851 [info] <0.372.0>@proxima_vnode:handle_command:36 Serving a GET request~n
2012-05-16 16:25:55.851 [info] <0.372.0>@proxima_vnode:handle_command:36 Serving a GET request~n
2012-05-16 16:25:55.851 [info] <0.372.0>@proxima_vnode:handle_command:36 Serving a GET request~n
2012-05-16 16:25:55.851 [info] <0.372.0>@proxima_vnode:handle_command:36 Serving a GET request~n
2012-05-16 16:25:55.852 [info] <0.372.0>@proxima_vnode:handle_command:36 Serving a GET request~n
2012-05-16 16:25:55.852 [info] <0.372.0>@proxima_vnode:handle_command:36 Serving a GET request~n
2012-05-16 16:25:55.852 [info] <0.372.0>@proxima_vnode:handle_command:36 Serving a GET request~n
2012-05-16 16:25:55.852 [info] <0.372.0>@proxima_vnode:handle_command:36 Serving a GET request~n
2012-05-16 16:25:55.852 [info] <0.372.0>@proxima_vnode:handle_command:36 Serving a GET request~n
2012-05-16 16:25:55.853 [info] <0.372.0>@proxima_vnode:handle_command:36 Serving a GET request~n
2012-05-16 16:25:55.853 [info] <0.372.0>@proxima_vnode:handle_command:36 Serving a GET request~n
2012-05-16 16:25:55.853 [info] <0.372.0>@proxima_vnode:handle_command:36 Serving a GET request~n
2012-05-16 16:25:55.853 [info] <0.372.0>@proxima_vnode:handle_command:36 Serving a GET request~n
2012-05-16 16:25:55.853 [info] <0.372.0>@proxima_vnode:handle_command:36 Serving a GET request~n
2012-05-16 16:25:55.853 [info] <0.372.0>@proxima_vnode:handle_command:36 Serving a GET request~n
2012-05-16 16:25:55.853 [info] <0.372.0>@proxima_vnode:handle_command:36 Serving a GET request~n
2012-05-16 16:25:55.854 [info] <0.372.0>@proxima_vnode:handle_command:36 Serving a GET request~n
2012-05-16 16:25:55.854 [info] <0.372.0>@proxima_vnode:handle_command:36 Serving a GET request~n
2012-05-16 16:25:55.854 [info] <0.372.0>@proxima_vnode:handle_command:36 Serving a GET request~n
2012-05-16 16:25:55.854 [info] <0.372.0>@proxima_vnode:handle_command:36 Serving a GET request~n
2012-05-16 16:25:55.854 [info] <0.372.0>@proxima_vnode:handle_command:36 Serving a GET request~n
2012-05-16 16:25:55.854 [info] <0.372.0>@proxima_vnode:handle_command:36 Serving a GET request~n
2012-05-16 16:25:55.855 [info] <0.372.0>@proxima_vnode:handle_command:36 Serving a GET request~n
2012-05-16 16:25:55.855 [info] <0.372.0>@proxima_vnode:handle_command:36 Serving a GET request~n
2012-05-16 16:25:55.855 [info] <0.372.0>@proxima_vnode:handle_command:36 Serving a GET request~n
2012-05-16 16:25:55.855 [info] <0.372.0>@proxima_vnode:handle_command:36 Serving a GET request~n
2012-05-16 16:25:55.855 [info] <0.372.0>@proxima_vnode:handle_command:36 Serving a GET request~n
2012-05-16 16:25:55.855 [info] <0.372.0>@proxima_vnode:handle_command:36 Serving a GET request~n
2012-05-16 16:25:55.856 [info] <0.372.0>@proxima_vnode:handle_command:36 Serving a GET request~n
2012-05-16 16:25:55.856 [info] <0.372.0>@proxima_vnode:handle_command:36 Serving a GET request~n
2012-05-16 16:25:55.856 [info] <0.372.0>@proxima_vnode:handle_command:36 Serving a GET request~n
2012-05-16 16:25:55.856 [info] <0.372.0>@proxima_vnode:handle_command:36 Serving a GET request~n
2012-05-16 16:25:55.856 [info] <0.372.0>@proxima_vnode:handle_command:36 Serving a GET request~n
2012-05-16 16:25:55.856 [info] <0.372.0>@proxima_vnode:handle_command:36 Serving a GET request~n
2012-05-16 16:25:55.857 [info] <0.372.0>@proxima_vnode:handle_command:36 Serving a GET request~n
2012-05-16 16:25:55.857 [info] <0.372.0>@proxima_vnode:handle_command:36 Serving a GET request~n
2012-05-16 16:25:55.857 [info] <0.372.0>@proxima_vnode:handle_command:36 Serving a GET request~n
2012-05-16 16:25:55.857 [info] <0.372.0>@proxima_vnode:handle_command:36 Serving a GET request~n
2012-05-16 16:25:55.857 [info] <0.372.0>@proxima_vnode:handle_command:36 Serving a GET request~n
2012-05-16 16:25:55.857 [info] <0.372.0>@proxima_vnode:handle_command:36 Serving a GET request~n
2012-05-16 16:25:55.858 [info] <0.372.0>@proxima_vnode:handle_command:36 Serving a GET request~n
2012-05-16 16:25:55.858 [info] <0.372.0>@proxima_vnode:handle_command:36 Serving a GET request~n
2012-05-16 16:25:55.858 [info] <0.372.0>@proxima_vnode:handle_command:36 Serving a GET request~n
2012-05-16 16:25:55.858 [info] <0.372.0>@proxima_vnode:handle_command:36 Serving a GET request~n
2012-05-16 16:25:55.858 [info] <0.372.0>@proxima_vnode:handle_command:36 Serving a GET request~n
2012-05-16 16:25:55.858 [info] <0.372.0>@proxima_vnode:handle_command:36 Serving a GET request~n
2012-05-16 16:25:55.858 [info] <0.372.0>@proxima_vnode:handle_command:36 Serving a GET request~n
2012-05-16 16:25:55.859 [info] <0.372.0>@proxima_vnode:handle_command:36 Serving a GET request~n
2012-05-16 16:25:55.859 [info] <0.372.0>@proxima_vnode:handle_command:36 Serving a GET request~n
2012-05-16 16:25:55.859 [info] <0.372.0>@proxima_vnode:handle_command:36 Serving a GET request~n
2012-05-16 16:25:55.859 [info] <0.372.0>@proxima_vnode:handle_command:36 Serving a GET request~n
2012-05-16 16:25:55.859 [info] <0.372.0>@proxima_vnode:handle_command:36 Serving a GET request~n
2012-05-16 16:25:55.860 [info] <0.372.0>@proxima_vnode:handle_command:36 Serving a GET request~n
2012-05-16 16:25:55.860 [info] <0.372.0>@proxima_vnode:handle_command:36 Serving a GET request~n
2012-05-16 16:25:55.860 [info] <0.372.0>@proxima_vnode:handle_command:36 Serving a GET request~n
2012-05-16 16:25:55.860 [info] <0.372.0>@proxima_vnode:handle_command:36 Serving a GET request~n
2012-05-16 16:25:55.860 [info] <0.372.0>@proxima_vnode:handle_command:36 Serving a GET request~n
2012-05-16 16:25:55.861 [info] <0.372.0>@proxima_vnode:handle_command:36 Serving a GET request~n
2012-05-16 16:25:55.861 [info] <0.372.0>@proxima_vnode:handle_command:36 Serving a GET request~n
2012-05-16 16:25:55.861 [info] <0.372.0>@proxima_vnode:handle_command:36 Serving a GET request~n
2012-05-16 16:25:55.861 [info] <0.372.0>@proxima_vnode:handle_command:36 Serving a GET request~n
2012-05-16 16:25:55.861 [info] <0.372.0>@proxima_vnode:handle_command:36 Serving a GET request~n
2012-05-16 16:25:55.862 [info] <0.372.0>@proxima_vnode:handle_command:36 Serving a GET request~n
2012-05-16 16:25:55.862 [info] <0.372.0>@proxima_vnode:handle_command:36 Serving a GET request~n
2012-05-16 16:25:55.862 [info] <0.372.0>@proxima_vnode:handle_command:36 Serving a GET request~n
2012-05-16 16:25:55.862 [info] <0.372.0>@proxima_vnode:handle_command:36 Serving a GET request~n
2012-05-16 16:25:55.862 [info] <0.372.0>@proxima_vnode:handle_command:36 Serving a GET request~n
2012-05-16 16:25:55.862 [info] <0.372.0>@proxima_vnode:handle_command:36 Serving a GET request~n
2012-05-16 16:25:55.863 [info] <0.372.0>@proxima_vnode:handle_command:36 Serving a GET request~n
2012-05-16 16:25:55.863 [info] <0.372.0>@proxima_vnode:handle_command:36 Serving a GET request~n
2012-05-16 16:25:55.863 [info] <0.372.0>@proxima_vnode:handle_command:36 Serving a GET request~n
2012-05-16 16:25:55.863 [info] <0.372.0>@proxima_vnode:handle_command:36 Serving a GET request~n
2012-05-16 16:25:55.863 [info] <0.372.0>@proxima_vnode:handle_command:36 Serving a GET request~n
2012-05-16 16:25:55.863 [info] <0.372.0>@proxima_vnode:handle_command:36 Serving a GET request~n
2012-05-16 16:25:55.864 [info] <0.372.0>@proxima_vnode:handle_command:36 Serving a GET request~n
2012-05-16 16:25:55.864 [info] <0.372.0>@proxima_vnode:handle_command:36 Serving a GET request~n
2012-05-16 16:25:55.864 [info] <0.372.0>@proxima_vnode:handle_command:36 Serving a GET request~n
2012-05-16 16:25:55.864 [info] <0.372.0>@proxima_vnode:handle_command:36 Serving a GET request~n
2012-05-16 16:25:55.864 [info] <0.372.0>@proxima_vnode:handle_command:36 Serving a GET request~n
2012-05-16 16:25:55.864 [info] <0.372.0>@proxima_vnode:handle_command:36 Serving a GET request~n
2012-05-16 16:25:55.865 [info] <0.372.0>@proxima_vnode:handle_command:36 Serving a GET request~n
2012-05-16 16:25:55.865 [info] <0.372.0>@proxima_vnode:handle_command:36 Serving a GET request~n
2012-05-16 16:25:55.865 [info] <0.372.0>@proxima_vnode:handle_command:36 Serving a GET request~n
2012-05-16 16:25:55.865 [info] <0.372.0>@proxima_vnode:handle_command:36 Serving a GET request~n
2012-05-16 16:25:55.865 [info] <0.372.0>@proxima_vnode:handle_command:36 Serving a GET request~n
2012-05-16 16:25:55.865 [info] <0.372.0>@proxima_vnode:handle_command:36 Serving a GET request~n
2012-05-16 16:25:55.866 [info] <0.372.0>@proxima_vnode:handle_command:36 Serving a GET request~n
2012-05-16 16:25:55.866 [info] <0.372.0>@proxima_vnode:handle_command:36 Serving a GET request~n
2012-05-16 16:25:55.866 [info] <0.372.0>@proxima_vnode:handle_command:36 Serving a GET request~n
2012-05-16 16:25:55.866 [info] <0.372.0>@proxima_vnode:handle_command:36 Serving a GET request~n
2012-05-16 16:25:55.866 [info] <0.372.0>@proxima_vnode:handle_command:36 Serving a GET request~n
2012-05-16 16:25:55.866 [info] <0.372.0>@proxima_vnode:handle_command:36 Serving a GET request~n
2012-05-16 16:25:55.866 [info] <0.372.0>@proxima_vnode:handle_command:36 Serving a GET request~n
2012-05-16 16:25:55.867 [info] <0.372.0>@proxima_vnode:handle_command:36 Serving a GET request~n
2012-05-16 16:25:55.867 [info] <0.372.0>@proxima_vnode:handle_command:36 Serving a GET request~n
2012-05-16 16:25:55.867 [info] <0.372.0>@proxima_vnode:handle_command:36 Serving a GET request~n
2012-05-16 16:25:55.867 [info] <0.372.0>@proxima_vnode:handle_command:36 Serving a GET request~n
2012-05-16 16:25:55.867 [info] <0.372.0>@proxima_vnode:handle_command:36 Serving a GET request~n
2012-05-16 16:25:55.868 [info] <0.372.0>@proxima_vnode:handle_command:36 Serving a GET request~n
2012-05-16 16:25:55.868 [info] <0.372.0>@proxima_vnode:handle_command:36 Serving a GET request~n
2012-05-16 16:25:55.868 [info] <0.372.0>@proxima_vnode:handle_command:36 Serving a GET request~n
2012-05-16 16:25:55.868 [info] <0.372.0>@proxima_vnode:handle_command:36 Serving a GET request~n
2012-05-16 16:25:55.868 [info] <0.372.0>@proxima_vnode:handle_command:36 Serving a GET request~n
2012-05-16 16:25:55.869 [info] <0.372.0>@proxima_vnode:handle_command:36 Serving a GET request~n
2012-05-16 16:25:55.869 [info] <0.372.0>@proxima_vnode:handle_command:36 Serving a GET request~n
2012-05-16 16:25:55.869 [info] <0.372.0>@proxima_vnode:handle_command:36 Serving a GET request~n
2012-05-16 16:25:55.869 [info] <0.372.0>@proxima_vnode:handle_command:36 Serving a GET request~n
2012-05-16 16:25:55.869 [info] <0.372.0>@proxima_vnode:handle_command:36 Serving a GET request~n
2012-05-16 16:25:55.869 [info] <0.372.0>@proxima_vnode:handle_command:36 Serving a GET request~n
2012-05-16 16:25:55.870 [info] <0.372.0>@proxima_vnode:handle_command:36 Serving a GET request~n
2012-05-16 16:25:55.870 [info] <0.372.0>@proxima_vnode:handle_command:36 Serving a GET request~n
2012-05-16 16:25:55.870 [info] <0.372.0>@proxima_vnode:handle_command:36 Serving a GET request~n
2012-05-16 16:25:55.870 [info] <0.372.0>@proxima_vnode:handle_command:36 Serving a GET request~n
2012-05-16 16:25:55.870 [info] <0.372.0>@proxima_vnode:handle_command:36 Serving a GET request~n
2012-05-16 16:25:55.870 [info] <0.372.0>@proxima_vnode:handle_command:36 Serving a GET request~n
2012-05-16 16:25:55.870 [info] <0.372.0>@proxima_vnode:handle_command:36 Serving a GET request~n
2012-05-16 16:25:55.871 [info] <0.372.0>@proxima_vnode:handle_command:36 Serving a GET request~n
2012-05-16 16:25:55.871 [info] <0.372.0>@proxima_vnode:handle_command:36 Serving a GET request~n
2012-05-16 16:25:55.871 [info] <0.372.0>@proxima_vnode:handle_command:36 Serving a GET request~n
2012-05-16 16:25:55.871 [info] <0.372.0>@proxima_vnode:handle_command:36 Serving a GET request~n
2012-05-16 16:25:55.871 [info] <0.372.0>@proxima_vnode:handle_command:36 Serving a GET request~n
2012-05-16 16:25:55.871 [info] <0.372.0>@proxima_vnode:handle_command:36 Serving a GET request~n
2012-05-16 16:25:55.872 [info] <0.372.0>@proxima_vnode:handle_command:36 Serving a GET request~n
2012-05-16 16:25:55.872 [info] <0.372.0>@proxima_vnode:handle_command:36 Serving a GET request~n
2012-05-16 16:25:55.872 [info] <0.372.0>@proxima_vnode:handle_command:36 Serving a GET request~n
2012-05-16 16:25:55.872 [info] <0.372.0>@proxima_vnode:handle_command:36 Serving a GET request~n
2012-05-16 16:25:55.872 [info] <0.372.0>@proxima_vnode:handle_command:36 Serving a GET request~n
2012-05-16 16:25:55.873 [info] <0.372.0>@proxima_vnode:handle_command:36 Serving a GET request~n
2012-05-16 16:25:55.873 [info] <0.372.0>@proxima_vnode:handle_command:36 Serving a GET request~n
2012-05-16 16:25:55.873 [info] <0.372.0>@proxima_vnode:handle_command:36 Serving a GET request~n
2012-05-16 16:25:55.873 [info] <0.372.0>@proxima_vnode:handle_command:36 Serving a GET request~n
2012-05-16 16:25:55.873 [info] <0.372.0>@proxima_vnode:handle_command:36 Serving a GET request~n
2012-05-16 16:25:55.873 [info] <0.372.0>@proxima_vnode:handle_command:36 Serving a GET request~n
2012-05-16 16:25:55.873 [info] <0.372.0>@proxima_vnode:handle_command:36 Serving a GET request~n
2012-05-16 16:25:55.874 [info] <0.372.0>@proxima_vnode:handle_command:36 Serving a GET request~n
2012-05-16 16:25:55.874 [info] <0.372.0>@proxima_vnode:handle_command:36 Serving a GET request~n
2012-05-16 16:25:55.874 [info] <0.372.0>@proxima_vnode:handle_command:36 Serving a GET request~n
2012-05-16 16:25:55.874 [info] <0.372.0>@proxima_vnode:handle_command:36 Serving a GET request~n
2012-05-16 16:25:55.874 [info] <0.372.0>@proxima_vnode:handle_command:36 Serving a GET request~n
2012-05-16 16:25:55.874 [info] <0.372.0>@proxima_vnode:handle_command:36 Serving a GET request~n
2012-05-16 16:25:55.875 [info] <0.372.0>@proxima_vnode:handle_command:36 Serving a GET request~n
2012-05-16 16:25:55.875 [info] <0.372.0>@proxima_vnode:handle_command:36 Serving a GET request~n
2012-05-16 16:25:55.875 [info] <0.372.0>@proxima_vnode:handle_command:36 Serving a GET request~n
2012-05-16 16:25:55.875 [info] <0.372.0>@proxima_vnode:handle_command:36 Serving a GET request~n
2012-05-16 16:25:55.875 [info] <0.372.0>@proxima_vnode:handle_command:36 Serving a GET request~n
2012-05-16 16:25:55.875 [info] <0.372.0>@proxima_vnode:handle_command:36 Serving a GET request~n
2012-05-16 16:25:55.876 [info] <0.372.0>@proxima_vnode:handle_command:36 Serving a GET request~n
2012-05-16 16:25:55.876 [info] <0.372.0>@proxima_vnode:handle_command:36 Serving a GET request~n
2012-05-16 16:25:55.876 [info] <0.372.0>@proxima_vnode:handle_command:36 Serving a GET request~n
2012-05-16 16:25:55.876 [info] <0.372.0>@proxima_vnode:handle_command:36 Serving a GET request~n
2012-05-16 16:25:55.876 [info] <0.372.0>@proxima_vnode:handle_command:36 Serving a GET request~n
2012-05-16 16:25:55.876 [info] <0.372.0>@proxima_vnode:handle_command:36 Serving a GET request~n
2012-05-16 16:25:55.877 [info] <0.372.0>@proxima_vnode:handle_command:36 Serving a GET request~n
2012-05-16 16:25:55.877 [info] <0.372.0>@proxima_vnode:handle_command:36 Serving a GET request~n
2012-05-16 16:25:55.877 [info] <0.372.0>@proxima_vnode:handle_command:36 Serving a GET request~n
2012-05-16 16:25:55.877 [info] <0.372.0>@proxima_vnode:handle_command:36 Serving a GET request~n
2012-05-16 16:25:55.877 [info] <0.372.0>@proxima_vnode:handle_command:36 Serving a GET request~n
2012-05-16 16:25:55.877 [info] <0.372.0>@proxima_vnode:handle_command:36 Serving a GET request~n
2012-05-16 16:25:55.878 [info] <0.372.0>@proxima_vnode:handle_command:36 Serving a GET request~n
2012-05-16 16:25:55.878 [info] <0.372.0>@proxima_vnode:handle_command:36 Serving a GET request~n
2012-05-16 16:25:55.878 [info] <0.372.0>@proxima_vnode:handle_command:36 Serving a GET request~n
2012-05-16 16:25:55.878 [info] <0.372.0>@proxima_vnode:handle_command:36 Serving a GET request~n
2012-05-16 16:25:55.878 [info] <0.372.0>@proxima_vnode:handle_command:36 Serving a GET request~n
2012-05-16 16:25:55.878 [info] <0.372.0>@proxima_vnode:handle_command:36 Serving a GET request~n
2012-05-16 16:25:55.879 [info] <0.372.0>@proxima_vnode:handle_command:36 Serving a GET request~n
2012-05-16 16:25:55.879 [info] <0.372.0>@proxima_vnode:handle_command:36 Serving a GET request~n
2012-05-16 16:25:55.879 [info] <0.372.0>@proxima_vnode:handle_command:36 Serving a GET request~n
2012-05-16 16:25:55.879 [info] <0.372.0>@proxima_vnode:handle_command:36 Serving a GET request~n
2012-05-16 16:25:55.879 [info] <0.372.0>@proxima_vnode:handle_command:36 Serving a GET request~n
2012-05-16 16:25:55.880 [info] <0.372.0>@proxima_vnode:handle_command:36 Serving a GET request~n
2012-05-16 16:25:55.880 [info] <0.372.0>@proxima_vnode:handle_command:36 Serving a GET request~n
2012-05-16 16:25:55.880 [info] <0.372.0>@proxima_vnode:handle_command:36 Serving a GET request~n
2012-05-16 16:25:55.880 [info] <0.372.0>@proxima_vnode:handle_command:36 Serving a GET request~n
2012-05-16 16:25:55.880 [info] <0.372.0>@proxima_vnode:handle_command:36 Serving a GET request~n
2012-05-16 16:25:55.880 [info] <0.372.0>@proxima_vnode:handle_command:36 Serving a GET request~n
2012-05-16 16:25:55.881 [info] <0.372.0>@proxima_vnode:handle_command:36 Serving a GET request~n
2012-05-16 16:25:55.881 [info] <0.372.0>@proxima_vnode:handle_command:36 Serving a GET request~n
2012-05-16 16:25:55.881 [info] <0.372.0>@proxima_vnode:handle_command:36 Serving a GET request~n
2012-05-16 16:25:55.881 [info] <0.372.0>@proxima_vnode:handle_command:36 Serving a GET request~n
2012-05-16 16:25:55.881 [info] <0.372.0>@proxima_vnode:handle_command:36 Serving a GET request~n
2012-05-16 16:25:55.881 [info] <0.372.0>@proxima_vnode:handle_command:36 Serving a GET request~n
2012-05-16 16:25:55.882 [info] <0.372.0>@proxima_vnode:handle_command:36 Serving a GET request~n
2012-05-16 16:25:55.882 [info] <0.372.0>@proxima_vnode:handle_command:36 Serving a GET request~n
2012-05-16 16:25:55.882 [info] <0.372.0>@proxima_vnode:handle_command:36 Serving a GET request~n
2012-05-16 16:25:55.882 [info] <0.372.0>@proxima_vnode:handle_command:36 Serving a GET request~n
2012-05-16 16:25:55.882 [info] <0.372.0>@proxima_vnode:handle_command:36 Serving a GET request~n
2012-05-16 16:25:55.882 [info] <0.372.0>@proxima_vnode:handle_command:36 Serving a GET request~n
2012-05-16 16:25:55.883 [info] <0.372.0>@proxima_vnode:handle_command:36 Serving a GET request~n
2012-05-16 16:25:55.883 [info] <0.372.0>@proxima_vnode:handle_command:36 Serving a GET request~n
2012-05-16 16:25:55.883 [info] <0.372.0>@proxima_vnode:handle_command:36 Serving a GET request~n
2012-05-16 16:25:55.883 [info] <0.372.0>@proxima_vnode:handle_command:36 Serving a GET request~n
2012-05-16 16:25:55.883 [info] <0.372.0>@proxima_vnode:handle_command:36 Serving a GET request~n
2012-05-16 16:25:55.884 [info] <0.372.0>@proxima_vnode:handle_command:36 Serving a GET request~n
2012-05-16 16:25:55.884 [info] <0.372.0>@proxima_vnode:handle_command:36 Serving a GET request~n
2012-05-16 16:25:55.884 [info] <0.372.0>@proxima_vnode:handle_command:36 Serving a GET request~n
2012-05-16 16:25:55.884 [info] <0.372.0>@proxima_vnode:handle_command:36 Serving a GET request~n
2012-05-16 16:25:55.884 [info] <0.372.0>@proxima_vnode:handle_command:36 Serving a GET request~n
2012-05-16 16:25:55.884 [info] <0.372.0>@proxima_vnode:handle_command:36 Serving a GET request~n
2012-05-16 16:25:55.885 [info] <0.372.0>@proxima_vnode:handle_command:36 Serving a GET request~n
2012-05-16 16:25:55.885 [info] <0.372.0>@proxima_vnode:handle_command:36 Serving a GET request~n
2012-05-16 16:25:55.885 [info] <0.372.0>@proxima_vnode:handle_command:36 Serving a GET request~n
2012-05-16 16:25:55.885 [info] <0.372.0>@proxima_vnode:handle_command:36 Serving a GET request~n
2012-05-16 16:25:55.885 [info] <0.372.0>@proxima_vnode:handle_command:36 Serving a GET request~n
2012-05-16 16:25:55.885 [info] <0.372.0>@proxima_vnode:handle_command:36 Serving a GET request~n
2012-05-16 16:25:55.885 [info] <0.372.0>@proxima_vnode:handle_command:36 Serving a GET request~n
2012-05-16 16:25:55.886 [info] <0.372.0>@proxima_vnode:handle_command:36 Serving a GET request~n
2012-05-16 16:25:55.886 [info] <0.372.0>@proxima_vnode:handle_command:36 Serving a GET request~n
2012-05-16 16:25:55.886 [info] <0.372.0>@proxima_vnode:handle_command:36 Serving a GET request~n
2012-05-16 16:25:55.886 [info] <0.372.0>@proxima_vnode:handle_command:36 Serving a GET request~n
2012-05-16 16:25:55.886 [info] <0.372.0>@proxima_vnode:handle_command:36 Serving a GET request~n
2012-05-16 16:25:55.887 [info] <0.372.0>@proxima_vnode:handle_command:36 Serving a GET request~n
2012-05-16 16:25:55.887 [info] <0.372.0>@proxima_vnode:handle_command:36 Serving a GET request~n
2012-05-16 16:25:55.887 [info] <0.372.0>@proxima_vnode:handle_command:36 Serving a GET request~n
2012-05-16 16:25:55.887 [info] <0.372.0>@proxima_vnode:handle_command:36 Serving a GET request~n
2012-05-16 16:25:55.887 [info] <0.372.0>@proxima_vnode:handle_command:36 Serving a GET request~n
2012-05-16 16:25:55.887 [info] <0.372.0>@proxima_vnode:handle_command:36 Serving a GET request~n
2012-05-16 16:25:55.888 [info] <0.372.0>@proxima_vnode:handle_command:36 Serving a GET request~n
2012-05-16 16:25:55.888 [info] <0.372.0>@proxima_vnode:handle_command:36 Serving a GET request~n
2012-05-16 16:25:55.888 [info] <0.372.0>@proxima_vnode:handle_command:36 Serving a GET request~n
2012-05-16 16:25:55.888 [info] <0.372.0>@proxima_vnode:handle_command:36 Serving a GET request~n
2012-05-16 16:25:55.888 [info] <0.372.0>@proxima_vnode:handle_command:36 Serving a GET request~n
2012-05-16 16:25:55.888 [info] <0.372.0>@proxima_vnode:handle_command:36 Serving a GET request~n
2012-05-16 16:25:55.889 [info] <0.372.0>@proxima_vnode:handle_command:36 Serving a GET request~n
2012-05-16 16:25:55.889 [info] <0.372.0>@proxima_vnode:handle_command:36 Serving a GET request~n
2012-05-16 16:25:55.889 [info] <0.372.0>@proxima_vnode:handle_command:36 Serving a GET request~n
2012-05-16 16:25:55.889 [info] <0.372.0>@proxima_vnode:handle_command:36 Serving a GET request~n
2012-05-16 16:25:55.889 [info] <0.372.0>@proxima_vnode:handle_command:36 Serving a GET request~n
2012-05-16 16:25:55.889 [info] <0.372.0>@proxima_vnode:handle_command:36 Serving a GET request~n
2012-05-16 16:25:55.890 [info] <0.372.0>@proxima_vnode:handle_command:36 Serving a GET request~n
2012-05-16 16:25:55.890 [info] <0.372.0>@proxima_vnode:handle_command:36 Serving a GET request~n
2012-05-16 16:25:55.890 [info] <0.372.0>@proxima_vnode:handle_command:36 Serving a GET request~n
2012-05-16 16:25:55.890 [info] <0.372.0>@proxima_vnode:handle_command:36 Serving a GET request~n
2012-05-16 16:25:55.890 [info] <0.372.0>@proxima_vnode:handle_command:36 Serving a GET request~n
2012-05-16 16:25:55.890 [info] <0.372.0>@proxima_vnode:handle_command:36 Serving a GET request~n
2012-05-16 16:25:55.890 [info] <0.372.0>@proxima_vnode:handle_command:36 Serving a GET request~n
2012-05-16 16:25:55.891 [info] <0.372.0>@proxima_vnode:handle_command:36 Serving a GET request~n
2012-05-16 16:25:55.891 [info] <0.372.0>@proxima_vnode:handle_command:36 Serving a GET request~n
2012-05-16 16:25:55.891 [info] <0.372.0>@proxima_vnode:handle_command:36 Serving a GET request~n
2012-05-16 16:25:55.891 [info] <0.372.0>@proxima_vnode:handle_command:36 Serving a GET request~n
2012-05-16 16:25:55.891 [info] <0.372.0>@proxima_vnode:handle_command:36 Serving a GET request~n
2012-05-16 16:25:55.891 [info] <0.372.0>@proxima_vnode:handle_command:36 Serving a GET request~n
2012-05-16 16:25:55.892 [info] <0.372.0>@proxima_vnode:handle_command:36 Serving a GET request~n
2012-05-16 16:25:55.892 [info] <0.372.0>@proxima_vnode:handle_command:36 Serving a GET request~n
2012-05-16 16:25:55.892 [info] <0.372.0>@proxima_vnode:handle_command:36 Serving a GET request~n
2012-05-16 16:25:55.892 [info] <0.372.0>@proxima_vnode:handle_command:36 Serving a GET request~n
2012-05-16 16:25:55.892 [info] <0.372.0>@proxima_vnode:handle_command:36 Serving a GET request~n
2012-05-16 16:25:55.892 [info] <0.372.0>@proxima_vnode:handle_command:36 Serving a GET request~n
2012-05-16 16:25:55.893 [info] <0.372.0>@proxima_vnode:handle_command:36 Serving a GET request~n
2012-05-16 16:25:55.893 [info] <0.372.0>@proxima_vnode:handle_command:36 Serving a GET request~n
2012-05-16 16:25:55.893 [info] <0.372.0>@proxima_vnode:handle_command:36 Serving a GET request~n
2012-05-16 16:25:55.893 [info] <0.372.0>@proxima_vnode:handle_command:36 Serving a GET request~n
2012-05-16 16:25:55.893 [info] <0.372.0>@proxima_vnode:handle_command:36 Serving a GET request~n
2012-05-16 16:25:55.893 [info] <0.372.0>@proxima_vnode:handle_command:36 Serving a GET request~n
2012-05-16 16:25:55.894 [info] <0.372.0>@proxima_vnode:handle_command:36 Serving a GET request~n
2012-05-16 16:25:55.894 [info] <0.372.0>@proxima_vnode:handle_command:36 Serving a GET request~n
2012-05-16 16:25:55.894 [info] <0.372.0>@proxima_vnode:handle_command:36 Serving a GET request~n
2012-05-16 16:25:55.894 [info] <0.372.0>@proxima_vnode:handle_command:36 Serving a GET request~n
2012-05-16 16:25:55.894 [info] <0.372.0>@proxima_vnode:handle_command:36 Serving a GET request~n
2012-05-16 16:25:55.894 [info] <0.372.0>@proxima_vnode:handle_command:36 Serving a GET request~n
2012-05-16 16:25:55.894 [info] <0.372.0>@proxima_vnode:handle_command:36 Serving a GET request~n
2012-05-16 16:25:55.895 [info] <0.372.0>@proxima_vnode:handle_command:36 Serving a GET request~n
2012-05-16 16:25:55.895 [info] <0.372.0>@proxima_vnode:handle_command:36 Serving a GET request~n
2012-05-16 16:25:55.895 [info] <0.372.0>@proxima_vnode:handle_command:36 Serving a GET request~n
2012-05-16 16:25:55.895 [info] <0.372.0>@proxima_vnode:handle_command:36 Serving a GET request~n
2012-05-16 16:25:55.895 [info] <0.372.0>@proxima_vnode:handle_command:36 Serving a GET request~n
2012-05-16 16:25:55.895 [info] <0.372.0>@proxima_vnode:handle_command:36 Serving a GET request~n
2012-05-16 16:25:55.896 [info] <0.372.0>@proxima_vnode:handle_command:36 Serving a GET request~n
2012-05-16 16:25:55.896 [info] <0.372.0>@proxima_vnode:handle_command:36 Serving a GET request~n
2012-05-16 16:25:55.896 [info] <0.372.0>@proxima_vnode:handle_command:36 Serving a GET request~n
2012-05-16 16:25:55.896 [info] <0.372.0>@proxima_vnode:handle_command:36 Serving a GET request~n
2012-05-16 16:25:55.896 [info] <0.372.0>@proxima_vnode:handle_command:36 Serving a GET request~n
2012-05-16 16:25:55.897 [info] <0.372.0>@proxima_vnode:handle_command:36 Serving a GET request~n
2012-05-16 16:25:55.897 [info] <0.372.0>@proxima_vnode:handle_command:36 Serving a GET request~n
2012-05-16 16:25:55.897 [info] <0.372.0>@proxima_vnode:handle_command:36 Serving a GET request~n
2012-05-16 16:25:55.897 [info] <0.372.0>@proxima_vnode:handle_command:36 Serving a GET request~n
2012-05-16 16:25:55.897 [info] <0.372.0>@proxima_vnode:handle_command:36 Serving a GET request~n
2012-05-16 16:25:55.897 [info] <0.372.0>@proxima_vnode:handle_command:36 Serving a GET request~n
2012-05-16 16:25:55.897 [info] <0.372.0>@proxima_vnode:handle_command:36 Serving a GET request~n
2012-05-16 16:25:55.898 [info] <0.372.0>@proxima_vnode:handle_command:36 Serving a GET request~n
2012-05-16 16:25:55.898 [info] <0.372.0>@proxima_vnode:handle_command:36 Serving a GET request~n
2012-05-16 16:25:55.898 [info] <0.372.0>@proxima_vnode:handle_command:36 Serving a GET request~n
2012-05-16 16:25:55.898 [info] <0.372.0>@proxima_vnode:handle_command:36 Serving a GET request~n
2012-05-16 16:25:55.898 [info] <0.372.0>@proxima_vnode:handle_command:36 Serving a GET request~n
2012-05-16 16:25:55.898 [info] <0.372.0>@proxima_vnode:handle_command:36 Serving a GET request~n
2012-05-16 16:25:55.899 [info] <0.372.0>@proxima_vnode:handle_command:36 Serving a GET request~n
2012-05-16 16:25:55.899 [info] <0.372.0>@proxima_vnode:handle_command:36 Serving a GET request~n
2012-05-16 16:25:55.899 [info] <0.372.0>@proxima_vnode:handle_command:36 Serving a GET request~n
2012-05-16 16:25:55.899 [info] <0.372.0>@proxima_vnode:handle_command:36 Serving a GET request~n
2012-05-16 16:25:55.899 [info] <0.372.0>@proxima_vnode:handle_command:36 Serving a GET request~n
2012-05-16 16:25:55.899 [info] <0.372.0>@proxima_vnode:handle_command:36 Serving a GET request~n
2012-05-16 16:25:55.899 [info] <0.372.0>@proxima_vnode:handle_command:36 Serving a GET request~n
2012-05-16 16:25:55.900 [info] <0.372.0>@proxima_vnode:handle_command:36 Serving a GET request~n
2012-05-16 16:25:55.900 [info] <0.372.0>@proxima_vnode:handle_command:36 Serving a GET request~n
2012-05-16 16:25:55.900 [info] <0.372.0>@proxima_vnode:handle_command:36 Serving a GET request~n
2012-05-16 16:25:55.900 [info] <0.372.0>@proxima_vnode:handle_command:36 Serving a GET request~n
2012-05-16 16:25:55.900 [info] <0.372.0>@proxima_vnode:handle_command:36 Serving a GET request~n
2012-05-16 16:25:55.900 [info] <0.372.0>@proxima_vnode:handle_command:36 Serving a GET request~n
2012-05-16 16:25:55.901 [info] <0.372.0>@proxima_vnode:handle_command:36 Serving a GET request~n
2012-05-16 16:25:55.901 [info] <0.372.0>@proxima_vnode:handle_command:36 Serving a GET request~n
2012-05-16 16:25:55.901 [info] <0.372.0>@proxima_vnode:handle_command:36 Serving a GET request~n
2012-05-16 16:25:55.901 [info] <0.372.0>@proxima_vnode:handle_command:36 Serving a GET request~n
2012-05-16 16:25:55.901 [info] <0.372.0>@proxima_vnode:handle_command:36 Serving a GET request~n
2012-05-16 16:25:55.901 [info] <0.372.0>@proxima_vnode:handle_command:36 Serving a GET request~n
2012-05-16 16:25:55.902 [info] <0.372.0>@proxima_vnode:handle_command:36 Serving a GET request~n
2012-05-16 16:25:55.902 [info] <0.372.0>@proxima_vnode:handle_command:36 Serving a GET request~n
2012-05-16 16:25:55.902 [info] <0.372.0>@proxima_vnode:handle_command:36 Serving a GET request~n
2012-05-16 16:25:55.902 [info] <0.372.0>@proxima_vnode:handle_command:36 Serving a GET request~n
2012-05-16 16:25:55.902 [info] <0.372.0>@proxima_vnode:handle_command:36 Serving a GET request~n
2012-05-16 16:25:55.902 [info] <0.372.0>@proxima_vnode:handle_command:36 Serving a GET request~n
2012-05-16 16:25:55.903 [info] <0.372.0>@proxima_vnode:handle_command:36 Serving a GET request~n
2012-05-16 16:25:55.903 [info] <0.372.0>@proxima_vnode:handle_command:36 Serving a GET request~n
2012-05-16 16:25:55.903 [info] <0.372.0>@proxima_vnode:handle_command:36 Serving a GET request~n
2012-05-16 16:25:55.903 [info] <0.372.0>@proxima_vnode:handle_command:36 Serving a GET request~n
2012-05-16 16:25:55.903 [info] <0.372.0>@proxima_vnode:handle_command:36 Serving a GET request~n
2012-05-16 16:25:55.903 [info] <0.372.0>@proxima_vnode:handle_command:36 Serving a GET request~n
2012-05-16 16:25:55.904 [info] <0.372.0>@proxima_vnode:handle_command:36 Serving a GET request~n
2012-05-16 16:25:55.904 [info] <0.372.0>@proxima_vnode:handle_command:36 Serving a GET request~n
2012-05-16 16:25:55.904 [info] <0.372.0>@proxima_vnode:handle_command:36 Serving a GET request~n
2012-05-16 16:25:55.904 [info] <0.372.0>@proxima_vnode:handle_command:36 Serving a GET request~n
2012-05-16 16:25:55.904 [info] <0.372.0>@proxima_vnode:handle_command:36 Serving a GET request~n
2012-05-16 16:25:55.904 [info] <0.372.0>@proxima_vnode:handle_command:36 Serving a GET request~n
2012-05-16 16:25:55.905 [info] <0.372.0>@proxima_vnode:handle_command:36 Serving a GET request~n
2012-05-16 16:25:55.905 [info] <0.372.0>@proxima_vnode:handle_command:36 Serving a GET request~n
2012-05-16 16:25:55.905 [info] <0.372.0>@proxima_vnode:handle_command:36 Serving a GET request~n
2012-05-16 16:25:55.905 [info] <0.372.0>@proxima_vnode:handle_command:36 Serving a GET request~n
2012-05-16 16:25:55.905 [info] <0.372.0>@proxima_vnode:handle_command:36 Serving a GET request~n
2012-05-16 16:25:55.905 [info] <0.372.0>@proxima_vnode:handle_command:36 Serving a GET request~n
2012-05-16 16:25:55.906 [info] <0.372.0>@proxima_vnode:handle_command:36 Serving a GET request~n
2012-05-16 16:25:55.906 [info] <0.372.0>@proxima_vnode:handle_command:36 Serving a GET request~n
2012-05-16 16:25:55.906 [info] <0.372.0>@proxima_vnode:handle_command:36 Serving a GET request~n
2012-05-16 16:25:55.906 [info] <0.372.0>@proxima_vnode:handle_command:36 Serving a GET request~n
2012-05-16 16:25:55.906 [info] <0.372.0>@proxima_vnode:handle_command:36 Serving a GET request~n
2012-05-16 16:25:55.907 [info] <0.372.0>@proxima_vnode:handle_command:36 Serving a GET request~n
2012-05-16 16:25:55.907 [info] <0.372.0>@proxima_vnode:handle_command:36 Serving a GET request~n
2012-05-16 16:25:55.907 [info] <0.372.0>@proxima_vnode:handle_command:36 Serving a GET request~n
2012-05-16 16:25:55.907 [info] <0.372.0>@proxima_vnode:handle_command:36 Serving a GET request~n
2012-05-16 16:25:55.907 [info] <0.372.0>@proxima_vnode:handle_command:36 Serving a GET request~n
2012-05-16 16:25:55.907 [info] <0.372.0>@proxima_vnode:handle_command:36 Serving a GET request~n
2012-05-16 16:25:55.907 [info] <0.372.0>@proxima_vnode:handle_command:36 Serving a GET request~n
2012-05-16 16:25:55.908 [info] <0.372.0>@proxima_vnode:handle_command:36 Serving a GET request~n
2012-05-16 16:25:55.908 [info] <0.372.0>@proxima_vnode:handle_command:36 Serving a GET request~n
2012-05-16 16:25:55.908 [info] <0.372.0>@proxima_vnode:handle_command:36 Serving a GET request~n
2012-05-16 16:25:55.908 [info] <0.372.0>@proxima_vnode:handle_command:36 Serving a GET request~n
2012-05-16 16:25:55.908 [info] <0.372.0>@proxima_vnode:handle_command:36 Serving a GET request~n
2012-05-16 16:25:55.908 [info] <0.372.0>@proxima_vnode:handle_command:36 Serving a GET request~n
2012-05-16 16:25:55.909 [info] <0.372.0>@proxima_vnode:handle_command:36 Serving a GET request~n
2012-05-16 16:25:55.909 [info] <0.372.0>@proxima_vnode:handle_command:36 Serving a GET request~n
2012-05-16 16:25:55.909 [info] <0.372.0>@proxima_vnode:handle_command:36 Serving a GET request~n
2012-05-16 16:25:55.909 [info] <0.372.0>@proxima_vnode:handle_command:36 Serving a GET request~n
2012-05-16 16:25:55.909 [info] <0.372.0>@proxima_vnode:handle_command:36 Serving a GET request~n
2012-05-16 16:25:55.909 [info] <0.372.0>@proxima_vnode:handle_command:36 Serving a GET request~n
2012-05-16 16:25:55.910 [info] <0.372.0>@proxima_vnode:handle_command:36 Serving a GET request~n
2012-05-16 16:25:55.910 [info] <0.372.0>@proxima_vnode:handle_command:36 Serving a GET request~n
2012-05-16 16:25:55.910 [info] <0.372.0>@proxima_vnode:handle_command:36 Serving a GET request~n
2012-05-16 16:25:55.910 [info] <0.372.0>@proxima_vnode:handle_command:36 Serving a GET request~n
2012-05-16 16:25:55.910 [info] <0.372.0>@proxima_vnode:handle_command:36 Serving a GET request~n
2012-05-16 16:25:55.910 [info] <0.372.0>@proxima_vnode:handle_command:36 Serving a GET request~n
2012-05-16 16:25:55.910 [info] <0.372.0>@proxima_vnode:handle_command:36 Serving a GET request~n
2012-05-16 16:25:55.911 [info] <0.372.0>@proxima_vnode:handle_command:36 Serving a GET request~n
2012-05-16 16:25:55.911 [info] <0.372.0>@proxima_vnode:handle_command:36 Serving a GET request~n
2012-05-16 16:25:55.911 [info] <0.372.0>@proxima_vnode:handle_command:36 Serving a GET request~n
2012-05-16 16:25:55.911 [info] <0.372.0>@proxima_vnode:handle_command:36 Serving a GET request~n
2012-05-16 16:25:55.911 [info] <0.372.0>@proxima_vnode:handle_command:36 Serving a GET request~n
2012-05-16 16:25:55.911 [info] <0.372.0>@proxima_vnode:handle_command:36 Serving a GET request~n
2012-05-16 16:25:55.912 [info] <0.372.0>@proxima_vnode:handle_command:36 Serving a GET request~n
2012-05-16 16:25:55.912 [info] <0.372.0>@proxima_vnode:handle_command:36 Serving a GET request~n
2012-05-16 16:25:55.912 [info] <0.372.0>@proxima_vnode:handle_command:36 Serving a GET request~n
2012-05-16 16:25:55.912 [info] <0.372.0>@proxima_vnode:handle_command:36 Serving a GET request~n
2012-05-16 16:25:55.912 [info] <0.372.0>@proxima_vnode:handle_command:36 Serving a GET request~n
2012-05-16 16:25:55.912 [info] <0.372.0>@proxima_vnode:handle_command:36 Serving a GET request~n
2012-05-16 16:25:55.913 [info] <0.372.0>@proxima_vnode:handle_command:36 Serving a GET request~n
2012-05-16 16:25:55.913 [info] <0.372.0>@proxima_vnode:handle_command:36 Serving a GET request~n
2012-05-16 16:25:55.913 [info] <0.372.0>@proxima_vnode:handle_command:36 Serving a GET request~n
2012-05-16 16:25:55.913 [info] <0.372.0>@proxima_vnode:handle_command:36 Serving a GET request~n
2012-05-16 16:25:55.913 [info] <0.372.0>@proxima_vnode:handle_command:36 Serving a GET request~n
2012-05-16 16:25:55.913 [info] <0.372.0>@proxima_vnode:handle_command:36 Serving a GET request~n
2012-05-16 16:25:55.913 [info] <0.372.0>@proxima_vnode:handle_command:36 Serving a GET request~n
2012-05-16 16:25:55.914 [info] <0.372.0>@proxima_vnode:handle_command:36 Serving a GET request~n
2012-05-16 16:25:55.914 [info] <0.372.0>@proxima_vnode:handle_command:36 Serving a GET request~n
2012-05-16 16:25:55.914 [info] <0.372.0>@proxima_vnode:handle_command:36 Serving a GET request~n
2012-05-16 16:25:55.914 [info] <0.372.0>@proxima_vnode:handle_command:36 Serving a GET request~n
2012-05-16 16:25:55.914 [info] <0.372.0>@proxima_vnode:handle_command:36 Serving a GET request~n
2012-05-16 16:25:55.915 [info] <0.372.0>@proxima_vnode:handle_command:36 Serving a GET request~n
2012-05-16 16:25:55.915 [info] <0.372.0>@proxima_vnode:handle_command:36 Serving a GET request~n
2012-05-16 16:25:55.915 [info] <0.372.0>@proxima_vnode:handle_command:36 Serving a GET request~n
2012-05-16 16:25:55.915 [info] <0.372.0>@proxima_vnode:handle_command:36 Serving a GET request~n
2012-05-16 16:25:55.915 [info] <0.372.0>@proxima_vnode:handle_command:36 Serving a GET request~n
2012-05-16 16:25:55.915 [info] <0.372.0>@proxima_vnode:handle_command:36 Serving a GET request~n
2012-05-16 16:25:55.916 [info] <0.372.0>@proxima_vnode:handle_command:36 Serving a GET request~n
2012-05-16 16:25:55.916 [info] <0.372.0>@proxima_vnode:handle_command:36 Serving a GET request~n
2012-05-16 16:25:55.916 [info] <0.372.0>@proxima_vnode:handle_command:36 Serving a GET request~n
2012-05-16 16:25:55.916 [info] <0.372.0>@proxima_vnode:handle_command:36 Serving a GET request~n
2012-05-16 16:25:55.916 [info] <0.372.0>@proxima_vnode:handle_command:36 Serving a GET request~n
2012-05-16 16:25:55.916 [info] <0.372.0>@proxima_vnode:handle_command:36 Serving a GET request~n
2012-05-16 16:25:55.917 [info] <0.372.0>@proxima_vnode:handle_command:36 Serving a GET request~n
2012-05-16 16:25:55.917 [info] <0.372.0>@proxima_vnode:handle_command:36 Serving a GET request~n
2012-05-16 16:25:55.917 [info] <0.372.0>@proxima_vnode:handle_command:36 Serving a GET request~n
2012-05-16 16:25:55.917 [info] <0.372.0>@proxima_vnode:handle_command:36 Serving a GET request~n
2012-05-16 16:25:55.917 [info] <0.372.0>@proxima_vnode:handle_command:36 Serving a GET request~n
2012-05-16 16:25:55.918 [info] <0.372.0>@proxima_vnode:handle_command:36 Serving a GET request~n
2012-05-16 16:25:55.918 [info] <0.372.0>@proxima_vnode:handle_command:36 Serving a GET request~n
2012-05-16 16:25:55.918 [info] <0.372.0>@proxima_vnode:handle_command:36 Serving a GET request~n
2012-05-16 16:25:55.918 [info] <0.372.0>@proxima_vnode:handle_command:36 Serving a GET request~n
2012-05-16 16:25:55.918 [info] <0.372.0>@proxima_vnode:handle_command:36 Serving a GET request~n
2012-05-16 16:25:55.918 [info] <0.372.0>@proxima_vnode:handle_command:36 Serving a GET request~n
2012-05-16 16:25:55.919 [info] <0.372.0>@proxima_vnode:handle_command:36 Serving a GET request~n
2012-05-16 16:25:55.919 [info] <0.372.0>@proxima_vnode:handle_command:36 Serving a GET request~n
2012-05-16 16:25:55.919 [info] <0.372.0>@proxima_vnode:handle_command:36 Serving a GET request~n
2012-05-16 16:25:55.919 [info] <0.372.0>@proxima_vnode:handle_command:36 Serving a GET request~n
2012-05-16 16:25:55.919 [info] <0.372.0>@proxima_vnode:handle_command:36 Serving a GET request~n
2012-05-16 16:25:55.919 [info] <0.372.0>@proxima_vnode:handle_command:36 Serving a GET request~n
2012-05-16 16:25:55.920 [info] <0.372.0>@proxima_vnode:handle_command:36 Serving a GET request~n
2012-05-16 16:25:55.920 [info] <0.372.0>@proxima_vnode:handle_command:36 Serving a GET request~n
2012-05-16 16:25:55.920 [info] <0.372.0>@proxima_vnode:handle_command:36 Serving a GET request~n
2012-05-16 16:25:55.920 [info] <0.372.0>@proxima_vnode:handle_command:36 Serving a GET request~n
2012-05-16 16:25:55.920 [info] <0.372.0>@proxima_vnode:handle_command:36 Serving a GET request~n
2012-05-16 16:25:55.920 [info] <0.372.0>@proxima_vnode:handle_command:36 Serving a GET request~n
2012-05-16 16:25:55.921 [info] <0.372.0>@proxima_vnode:handle_command:36 Serving a GET request~n
2012-05-16 16:25:55.921 [info] <0.372.0>@proxima_vnode:handle_command:36 Serving a GET request~n
2012-05-16 16:25:55.921 [info] <0.372.0>@proxima_vnode:handle_command:36 Serving a GET request~n
2012-05-16 16:25:55.921 [info] <0.372.0>@proxima_vnode:handle_command:36 Serving a GET request~n
2012-05-16 16:25:55.921 [info] <0.372.0>@proxima_vnode:handle_command:36 Serving a GET request~n
2012-05-16 16:25:55.921 [info] <0.372.0>@proxima_vnode:handle_command:36 Serving a GET request~n
2012-05-16 16:25:55.922 [info] <0.372.0>@proxima_vnode:handle_command:36 Serving a GET request~n
2012-05-16 16:25:55.922 [info] <0.372.0>@proxima_vnode:handle_command:36 Serving a GET request~n
2012-05-16 16:25:55.922 [info] <0.372.0>@proxima_vnode:handle_command:36 Serving a GET request~n
2012-05-16 16:25:55.922 [info] <0.372.0>@proxima_vnode:handle_command:36 Serving a GET request~n
2012-05-16 16:25:55.922 [info] <0.372.0>@proxima_vnode:handle_command:36 Serving a GET request~n
2012-05-16 16:25:55.922 [info] <0.372.0>@proxima_vnode:handle_command:36 Serving a GET request~n
2012-05-16 16:25:55.923 [info] <0.372.0>@proxima_vnode:handle_command:36 Serving a GET request~n
2012-05-16 16:25:55.923 [info] <0.372.0>@proxima_vnode:handle_command:36 Serving a GET request~n
2012-05-16 16:25:55.923 [info] <0.372.0>@proxima_vnode:handle_command:36 Serving a GET request~n
2012-05-16 16:25:55.923 [info] <0.372.0>@proxima_vnode:handle_command:36 Serving a GET request~n
2012-05-16 16:25:55.923 [info] <0.372.0>@proxima_vnode:handle_command:36 Serving a GET request~n
2012-05-16 16:25:55.923 [info] <0.372.0>@proxima_vnode:handle_command:36 Serving a GET request~n
2012-05-16 16:25:55.923 [info] <0.372.0>@proxima_vnode:handle_command:36 Serving a GET request~n
2012-05-16 16:25:55.924 [info] <0.372.0>@proxima_vnode:handle_command:36 Serving a GET request~n
2012-05-16 16:25:55.924 [info] <0.372.0>@proxima_vnode:handle_command:36 Serving a GET request~n
2012-05-16 16:25:55.924 [info] <0.372.0>@proxima_vnode:handle_command:36 Serving a GET request~n
2012-05-16 16:25:55.924 [info] <0.372.0>@proxima_vnode:handle_command:36 Serving a GET request~n
2012-05-16 16:25:55.924 [info] <0.372.0>@proxima_vnode:handle_command:36 Serving a GET request~n
2012-05-16 16:25:55.925 [info] <0.372.0>@proxima_vnode:handle_command:36 Serving a GET request~n
2012-05-16 16:25:55.925 [info] <0.372.0>@proxima_vnode:handle_command:36 Serving a GET request~n
2012-05-16 16:25:55.925 [info] <0.372.0>@proxima_vnode:handle_command:36 Serving a GET request~n
2012-05-16 16:25:55.925 [info] <0.372.0>@proxima_vnode:handle_command:36 Serving a GET request~n
2012-05-16 16:25:55.925 [info] <0.372.0>@proxima_vnode:handle_command:36 Serving a GET request~n
2012-05-16 16:25:55.925 [info] <0.372.0>@proxima_vnode:handle_command:36 Serving a GET request~n
2012-05-16 16:25:55.925 [info] <0.372.0>@proxima_vnode:handle_command:36 Serving a GET request~n
2012-05-16 16:25:55.926 [info] <0.372.0>@proxima_vnode:handle_command:36 Serving a GET request~n
2012-05-16 16:25:55.926 [info] <0.372.0>@proxima_vnode:handle_command:36 Serving a GET request~n
2012-05-16 16:25:55.926 [info] <0.372.0>@proxima_vnode:handle_command:36 Serving a GET request~n
2012-05-16 16:25:55.926 [info] <0.372.0>@proxima_vnode:handle_command:36 Serving a GET request~n
2012-05-16 16:25:55.926 [info] <0.372.0>@proxima_vnode:handle_command:36 Serving a GET request~n
2012-05-16 16:25:55.927 [info] <0.372.0>@proxima_vnode:handle_command:36 Serving a GET request~n
2012-05-16 16:25:55.927 [info] <0.372.0>@proxima_vnode:handle_command:36 Serving a GET request~n
2012-05-16 16:25:55.927 [info] <0.372.0>@proxima_vnode:handle_command:36 Serving a GET request~n
2012-05-16 16:25:55.927 [info] <0.372.0>@proxima_vnode:handle_command:36 Serving a GET request~n
2012-05-16 16:25:55.927 [info] <0.372.0>@proxima_vnode:handle_command:36 Serving a GET request~n
2012-05-16 16:25:55.927 [info] <0.372.0>@proxima_vnode:handle_command:36 Serving a GET request~n
2012-05-16 16:25:55.928 [info] <0.372.0>@proxima_vnode:handle_command:36 Serving a GET request~n
2012-05-16 16:25:55.928 [info] <0.372.0>@proxima_vnode:handle_command:36 Serving a GET request~n
2012-05-16 16:25:55.928 [info] <0.372.0>@proxima_vnode:handle_command:36 Serving a GET request~n
2012-05-16 16:25:55.928 [info] <0.372.0>@proxima_vnode:handle_command:36 Serving a GET request~n
2012-05-16 16:25:55.928 [info] <0.372.0>@proxima_vnode:handle_command:36 Serving a GET request~n
2012-05-16 16:25:55.928 [info] <0.372.0>@proxima_vnode:handle_command:36 Serving a GET request~n
2012-05-16 16:25:55.928 [info] <0.372.0>@proxima_vnode:handle_command:36 Serving a GET request~n
2012-05-16 16:25:55.929 [info] <0.372.0>@proxima_vnode:handle_command:36 Serving a GET request~n
2012-05-16 16:25:55.929 [info] <0.372.0>@proxima_vnode:handle_command:36 Serving a GET request~n
2012-05-16 16:25:55.929 [info] <0.372.0>@proxima_vnode:handle_command:36 Serving a GET request~n
2012-05-16 16:25:55.929 [info] <0.372.0>@proxima_vnode:handle_command:36 Serving a GET request~n
2012-05-16 16:25:55.929 [info] <0.372.0>@proxima_vnode:handle_command:36 Serving a GET request~n
2012-05-16 16:25:55.929 [info] <0.372.0>@proxima_vnode:handle_command:36 Serving a GET request~n
2012-05-16 16:25:55.930 [info] <0.372.0>@proxima_vnode:handle_command:36 Serving a GET request~n
2012-05-16 16:25:55.930 [info] <0.372.0>@proxima_vnode:handle_command:36 Serving a GET request~n
2012-05-16 16:25:55.930 [info] <0.372.0>@proxima_vnode:handle_command:36 Serving a GET request~n
2012-05-16 16:25:55.930 [info] <0.372.0>@proxima_vnode:handle_command:36 Serving a GET request~n
2012-05-16 16:25:55.930 [info] <0.372.0>@proxima_vnode:handle_command:36 Serving a GET request~n
2012-05-16 16:25:55.930 [info] <0.372.0>@proxima_vnode:handle_command:36 Serving a GET request~n
2012-05-16 16:25:55.931 [info] <0.372.0>@proxima_vnode:handle_command:36 Serving a GET request~n
2012-05-16 16:25:55.931 [info] <0.372.0>@proxima_vnode:handle_command:36 Serving a GET request~n
2012-05-16 16:25:55.931 [info] <0.372.0>@proxima_vnode:handle_command:36 Serving a GET request~n
2012-05-16 16:25:55.931 [info] <0.372.0>@proxima_vnode:handle_command:36 Serving a GET request~n
2012-05-16 16:25:55.931 [info] <0.372.0>@proxima_vnode:handle_command:36 Serving a GET request~n
2012-05-16 16:25:55.932 [info] <0.372.0>@proxima_vnode:handle_command:36 Serving a GET request~n
2012-05-16 16:25:55.932 [info] <0.372.0>@proxima_vnode:handle_command:36 Serving a GET request~n
2012-05-16 16:25:55.932 [info] <0.372.0>@proxima_vnode:handle_command:36 Serving a GET request~n
2012-05-16 16:25:55.932 [info] <0.372.0>@proxima_vnode:handle_command:36 Serving a GET request~n
2012-05-16 16:25:55.932 [info] <0.372.0>@proxima_vnode:handle_command:36 Serving a GET request~n
2012-05-16 16:25:55.932 [info] <0.372.0>@proxima_vnode:handle_command:36 Serving a GET request~n
2012-05-16 16:25:55.933 [info] <0.372.0>@proxima_vnode:handle_command:36 Serving a GET request~n
2012-05-16 16:25:55.933 [info] <0.372.0>@proxima_vnode:handle_command:36 Serving a GET request~n
2012-05-16 16:25:55.933 [info] <0.372.0>@proxima_vnode:handle_command:36 Serving a GET request~n
2012-05-16 16:25:55.933 [info] <0.372.0>@proxima_vnode:handle_command:36 Serving a GET request~n
2012-05-16 16:25:55.933 [info] <0.372.0>@proxima_vnode:handle_command:36 Serving a GET request~n
2012-05-16 16:25:55.933 [info] <0.372.0>@proxima_vnode:handle_command:36 Serving a GET request~n
2012-05-16 16:25:55.933 [info] <0.372.0>@proxima_vnode:handle_command:36 Serving a GET request~n
2012-05-16 16:25:55.934 [info] <0.372.0>@proxima_vnode:handle_command:36 Serving a GET request~n
2012-05-16 16:25:55.934 [info] <0.372.0>@proxima_vnode:handle_command:36 Serving a GET request~n
2012-05-16 16:25:55.934 [info] <0.372.0>@proxima_vnode:handle_command:36 Serving a GET request~n
2012-05-16 16:25:55.934 [info] <0.372.0>@proxima_vnode:handle_command:36 Serving a GET request~n
2012-05-16 16:25:55.934 [info] <0.372.0>@proxima_vnode:handle_command:36 Serving a GET request~n
2012-05-16 16:25:55.934 [info] <0.372.0>@proxima_vnode:handle_command:36 Serving a GET request~n
2012-05-16 16:25:55.935 [info] <0.372.0>@proxima_vnode:handle_command:36 Serving a GET request~n
2012-05-16 16:25:55.935 [info] <0.372.0>@proxima_vnode:handle_command:36 Serving a GET request~n
2012-05-16 16:25:55.935 [info] <0.372.0>@proxima_vnode:handle_command:36 Serving a GET request~n
2012-05-16 16:25:55.935 [info] <0.372.0>@proxima_vnode:handle_command:36 Serving a GET request~n
2012-05-16 16:25:55.935 [info] <0.372.0>@proxima_vnode:handle_command:36 Serving a GET request~n
2012-05-16 16:25:55.935 [info] <0.372.0>@proxima_vnode:handle_command:36 Serving a GET request~n
2012-05-16 16:25:55.936 [info] <0.372.0>@proxima_vnode:handle_command:36 Serving a GET request~n
2012-05-16 16:25:55.936 [info] <0.372.0>@proxima_vnode:handle_command:36 Serving a GET request~n
2012-05-16 16:25:55.936 [info] <0.372.0>@proxima_vnode:handle_command:36 Serving a GET request~n
2012-05-16 16:25:55.936 [info] <0.372.0>@proxima_vnode:handle_command:36 Serving a GET request~n
2012-05-16 16:25:55.936 [info] <0.372.0>@proxima_vnode:handle_command:36 Serving a GET request~n
2012-05-16 16:25:55.936 [info] <0.372.0>@proxima_vnode:handle_command:36 Serving a GET request~n
2012-05-16 16:25:55.937 [info] <0.372.0>@proxima_vnode:handle_command:36 Serving a GET request~n
2012-05-16 16:25:55.937 [info] <0.372.0>@proxima_vnode:handle_command:36 Serving a GET request~n
2012-05-16 16:25:55.937 [info] <0.372.0>@proxima_vnode:handle_command:36 Serving a GET request~n
2012-05-16 16:25:55.937 [info] <0.372.0>@proxima_vnode:handle_command:36 Serving a GET request~n
2012-05-16 16:25:55.937 [info] <0.372.0>@proxima_vnode:handle_command:36 Serving a GET request~n
2012-05-16 16:25:55.938 [info] <0.372.0>@proxima_vnode:handle_command:36 Serving a GET request~n
2012-05-16 16:25:55.938 [info] <0.372.0>@proxima_vnode:handle_command:36 Serving a GET request~n
2012-05-16 16:25:55.938 [info] <0.372.0>@proxima_vnode:handle_command:36 Serving a GET request~n
2012-05-16 16:25:55.938 [info] <0.372.0>@proxima_vnode:handle_command:36 Serving a GET request~n
2012-05-16 16:25:55.938 [info] <0.372.0>@proxima_vnode:handle_command:36 Serving a GET request~n
2012-05-16 16:25:55.938 [info] <0.372.0>@proxima_vnode:handle_command:36 Serving a GET request~n
2012-05-16 16:25:55.939 [info] <0.372.0>@proxima_vnode:handle_command:36 Serving a GET request~n
2012-05-16 16:25:55.939 [info] <0.372.0>@proxima_vnode:handle_command:36 Serving a GET request~n
2012-05-16 16:25:55.939 [info] <0.372.0>@proxima_vnode:handle_command:36 Serving a GET request~n
2012-05-16 16:25:55.939 [info] <0.372.0>@proxima_vnode:handle_command:36 Serving a GET request~n
2012-05-16 16:25:55.939 [info] <0.372.0>@proxima_vnode:handle_command:36 Serving a GET request~n
2012-05-16 16:25:55.939 [info] <0.372.0>@proxima_vnode:handle_command:36 Serving a GET request~n
2012-05-16 16:25:55.940 [info] <0.372.0>@proxima_vnode:handle_command:36 Serving a GET request~n
2012-05-16 16:25:55.940 [info] <0.372.0>@proxima_vnode:handle_command:36 Serving a GET request~n
2012-05-16 16:25:55.940 [info] <0.372.0>@proxima_vnode:handle_command:36 Serving a GET request~n
2012-05-16 16:25:55.940 [info] <0.372.0>@proxima_vnode:handle_command:36 Serving a GET request~n
2012-05-16 16:25:55.940 [info] <0.372.0>@proxima_vnode:handle_command:36 Serving a GET request~n
2012-05-16 16:25:55.940 [info] <0.372.0>@proxima_vnode:handle_command:36 Serving a GET request~n
2012-05-16 16:25:55.941 [info] <0.372.0>@proxima_vnode:handle_command:36 Serving a GET request~n
2012-05-16 16:25:55.941 [info] <0.372.0>@proxima_vnode:handle_command:36 Serving a GET request~n
2012-05-16 16:25:55.941 [info] <0.372.0>@proxima_vnode:handle_command:36 Serving a GET request~n
2012-05-16 16:25:55.941 [info] <0.372.0>@proxima_vnode:handle_command:36 Serving a GET request~n
2012-05-16 16:25:55.941 [info] <0.372.0>@proxima_vnode:handle_command:36 Serving a GET request~n
2012-05-16 16:25:55.941 [info] <0.372.0>@proxima_vnode:handle_command:36 Serving a GET request~n
2012-05-16 16:25:55.942 [info] <0.372.0>@proxima_vnode:handle_command:36 Serving a GET request~n
2012-05-16 16:25:55.942 [info] <0.372.0>@proxima_vnode:handle_command:36 Serving a GET request~n
2012-05-16 16:25:55.942 [info] <0.372.0>@proxima_vnode:handle_command:36 Serving a GET request~n
2012-05-16 16:25:55.942 [info] <0.372.0>@proxima_vnode:handle_command:36 Serving a GET request~n
2012-05-16 16:25:55.942 [info] <0.372.0>@proxima_vnode:handle_command:36 Serving a GET request~n
2012-05-16 16:25:55.942 [info] <0.372.0>@proxima_vnode:handle_command:36 Serving a GET request~n
2012-05-16 16:25:55.943 [info] <0.372.0>@proxima_vnode:handle_command:36 Serving a GET request~n
2012-05-16 16:25:55.943 [info] <0.372.0>@proxima_vnode:handle_command:36 Serving a GET request~n
2012-05-16 16:25:55.943 [info] <0.372.0>@proxima_vnode:handle_command:36 Serving a GET request~n
2012-05-16 16:25:55.943 [info] <0.372.0>@proxima_vnode:handle_command:36 Serving a GET request~n
2012-05-16 16:25:55.943 [info] <0.372.0>@proxima_vnode:handle_command:36 Serving a GET request~n
2012-05-16 16:25:55.943 [info] <0.372.0>@proxima_vnode:handle_command:36 Serving a GET request~n
2012-05-16 16:25:55.943 [info] <0.372.0>@proxima_vnode:handle_command:36 Serving a GET request~n
2012-05-16 16:25:55.944 [info] <0.372.0>@proxima_vnode:handle_command:36 Serving a GET request~n
2012-05-16 16:25:55.944 [info] <0.372.0>@proxima_vnode:handle_command:36 Serving a GET request~n
2012-05-16 16:25:55.944 [info] <0.372.0>@proxima_vnode:handle_command:36 Serving a GET request~n
2012-05-16 16:25:55.944 [info] <0.372.0>@proxima_vnode:handle_command:36 Serving a GET request~n
2012-05-16 16:25:55.944 [info] <0.372.0>@proxima_vnode:handle_command:36 Serving a GET request~n
2012-05-16 16:25:55.944 [info] <0.372.0>@proxima_vnode:handle_command:36 Serving a GET request~n
2012-05-16 16:25:55.945 [info] <0.372.0>@proxima_vnode:handle_command:36 Serving a GET request~n
2012-05-16 16:25:55.945 [info] <0.372.0>@proxima_vnode:handle_command:36 Serving a GET request~n
2012-05-16 16:25:55.945 [info] <0.372.0>@proxima_vnode:handle_command:36 Serving a GET request~n
2012-05-16 16:25:55.945 [info] <0.372.0>@proxima_vnode:handle_command:36 Serving a GET request~n
2012-05-16 16:25:55.945 [info] <0.372.0>@proxima_vnode:handle_command:36 Serving a GET request~n
2012-05-16 16:25:55.945 [info] <0.372.0>@proxima_vnode:handle_command:36 Serving a GET request~n
2012-05-16 16:25:55.946 [info] <0.372.0>@proxima_vnode:handle_command:36 Serving a GET request~n
2012-05-16 16:25:55.946 [info] <0.372.0>@proxima_vnode:handle_command:36 Serving a GET request~n
2012-05-16 16:25:55.946 [info] <0.372.0>@proxima_vnode:handle_command:36 Serving a GET request~n
2012-05-16 16:25:55.946 [info] <0.372.0>@proxima_vnode:handle_command:36 Serving a GET request~n
2012-05-16 16:25:55.946 [info] <0.372.0>@proxima_vnode:handle_command:36 Serving a GET request~n
2012-05-16 16:25:55.946 [info] <0.372.0>@proxima_vnode:handle_command:36 Serving a GET request~n
2012-05-16 16:25:55.947 [info] <0.372.0>@proxima_vnode:handle_command:36 Serving a GET request~n
2012-05-16 16:25:55.947 [info] <0.372.0>@proxima_vnode:handle_command:36 Serving a GET request~n
2012-05-16 16:25:55.947 [info] <0.372.0>@proxima_vnode:handle_command:36 Serving a GET request~n
2012-05-16 16:25:55.947 [info] <0.372.0>@proxima_vnode:handle_command:36 Serving a GET request~n
2012-05-16 16:25:55.947 [info] <0.372.0>@proxima_vnode:handle_command:36 Serving a GET request~n
2012-05-16 16:25:55.948 [info] <0.372.0>@proxima_vnode:handle_command:36 Serving a GET request~n
2012-05-16 16:25:55.948 [info] <0.372.0>@proxima_vnode:handle_command:36 Serving a GET request~n
2012-05-16 16:25:55.948 [info] <0.372.0>@proxima_vnode:handle_command:36 Serving a GET request~n
2012-05-16 16:25:55.948 [info] <0.372.0>@proxima_vnode:handle_command:36 Serving a GET request~n
2012-05-16 16:25:55.948 [info] <0.372.0>@proxima_vnode:handle_command:36 Serving a GET request~n
2012-05-16 16:25:55.948 [info] <0.372.0>@proxima_vnode:handle_command:36 Serving a GET request~n
2012-05-16 16:25:55.949 [info] <0.372.0>@proxima_vnode:handle_command:36 Serving a GET request~n
2012-05-16 16:25:55.949 [info] <0.372.0>@proxima_vnode:handle_command:36 Serving a GET request~n
2012-05-16 16:25:55.949 [info] <0.372.0>@proxima_vnode:handle_command:36 Serving a GET request~n
2012-05-16 16:25:55.949 [info] <0.372.0>@proxima_vnode:handle_command:36 Serving a GET request~n
2012-05-16 16:25:55.949 [info] <0.372.0>@proxima_vnode:handle_command:36 Serving a GET request~n
2012-05-16 16:25:55.949 [info] <0.372.0>@proxima_vnode:handle_command:36 Serving a GET request~n
2012-05-16 16:25:55.950 [info] <0.372.0>@proxima_vnode:handle_command:36 Serving a GET request~n
2012-05-16 16:25:55.950 [info] <0.372.0>@proxima_vnode:handle_command:36 Serving a GET request~n
2012-05-16 16:25:55.950 [info] <0.372.0>@proxima_vnode:handle_command:36 Serving a GET request~n
2012-05-16 16:25:55.950 [info] <0.372.0>@proxima_vnode:handle_command:36 Serving a GET request~n
2012-05-16 16:25:55.950 [info] <0.372.0>@proxima_vnode:handle_command:36 Serving a GET request~n
2012-05-16 16:25:55.950 [info] <0.372.0>@proxima_vnode:handle_command:36 Serving a GET request~n
2012-05-16 16:25:55.950 [info] <0.372.0>@proxima_vnode:handle_command:36 Serving a GET request~n
2012-05-16 16:25:55.951 [info] <0.372.0>@proxima_vnode:handle_command:36 Serving a GET request~n
2012-05-16 16:25:55.951 [info] <0.372.0>@proxima_vnode:handle_command:36 Serving a GET request~n
2012-05-16 16:25:55.951 [info] <0.372.0>@proxima_vnode:handle_command:36 Serving a GET request~n
2012-05-16 16:25:55.951 [info] <0.372.0>@proxima_vnode:handle_command:36 Serving a GET request~n
2012-05-16 16:25:55.951 [info] <0.372.0>@proxima_vnode:handle_command:36 Serving a GET request~n
2012-05-16 16:25:55.951 [info] <0.372.0>@proxima_vnode:handle_command:36 Serving a GET request~n
2012-05-16 16:25:55.952 [info] <0.372.0>@proxima_vnode:handle_command:36 Serving a GET request~n
2012-05-16 16:25:55.952 [info] <0.372.0>@proxima_vnode:handle_command:36 Serving a GET request~n
2012-05-16 16:25:55.952 [info] <0.372.0>@proxima_vnode:handle_command:36 Serving a GET request~n
2012-05-16 16:25:55.952 [info] <0.372.0>@proxima_vnode:handle_command:36 Serving a GET request~n
2012-05-16 16:25:55.952 [info] <0.372.0>@proxima_vnode:handle_command:36 Serving a GET request~n
2012-05-16 16:25:55.952 [info] <0.372.0>@proxima_vnode:handle_command:36 Serving a GET request~n
2012-05-16 16:25:55.953 [info] <0.372.0>@proxima_vnode:handle_command:36 Serving a GET request~n
2012-05-16 16:25:55.953 [info] <0.372.0>@proxima_vnode:handle_command:36 Serving a GET request~n
2012-05-16 16:25:55.953 [info] <0.372.0>@proxima_vnode:handle_command:36 Serving a GET request~n
2012-05-16 16:25:55.953 [info] <0.372.0>@proxima_vnode:handle_command:36 Serving a GET request~n
2012-05-16 16:25:55.953 [info] <0.372.0>@proxima_vnode:handle_command:36 Serving a GET request~n
2012-05-16 16:25:55.953 [info] <0.372.0>@proxima_vnode:handle_command:36 Serving a GET request~n
2012-05-16 16:25:55.954 [info] <0.372.0>@proxima_vnode:handle_command:36 Serving a GET request~n
2012-05-16 16:25:55.954 [info] <0.372.0>@proxima_vnode:handle_command:36 Serving a GET request~n
2012-05-16 16:25:55.954 [info] <0.372.0>@proxima_vnode:handle_command:36 Serving a GET request~n
2012-05-16 16:25:55.954 [info] <0.372.0>@proxima_vnode:handle_command:36 Serving a GET request~n
2012-05-16 16:25:55.954 [info] <0.372.0>@proxima_vnode:handle_command:36 Serving a GET request~n
2012-05-16 16:25:55.954 [info] <0.372.0>@proxima_vnode:handle_command:36 Serving a GET request~n
2012-05-16 16:25:55.955 [info] <0.372.0>@proxima_vnode:handle_command:36 Serving a GET request~n
2012-05-16 16:25:55.955 [info] <0.372.0>@proxima_vnode:handle_command:36 Serving a GET request~n
2012-05-16 16:25:55.955 [info] <0.372.0>@proxima_vnode:handle_command:36 Serving a GET request~n
2012-05-16 16:25:55.955 [info] <0.372.0>@proxima_vnode:handle_command:36 Serving a GET request~n
2012-05-16 16:25:55.955 [info] <0.372.0>@proxima_vnode:handle_command:36 Serving a GET request~n
2012-05-16 16:25:55.955 [info] <0.372.0>@proxima_vnode:handle_command:36 Serving a GET request~n
2012-05-16 16:25:55.956 [info] <0.372.0>@proxima_vnode:handle_command:36 Serving a GET request~n
2012-05-16 16:25:55.956 [info] <0.372.0>@proxima_vnode:handle_command:36 Serving a GET request~n
2012-05-16 16:25:55.956 [info] <0.372.0>@proxima_vnode:handle_command:36 Serving a GET request~n
2012-05-16 16:25:55.956 [info] <0.372.0>@proxima_vnode:handle_command:36 Serving a GET request~n
2012-05-16 16:25:55.956 [info] <0.372.0>@proxima_vnode:handle_command:36 Serving a GET request~n
2012-05-16 16:25:55.956 [info] <0.372.0>@proxima_vnode:handle_command:36 Serving a GET request~n
2012-05-16 16:25:55.957 [info] <0.372.0>@proxima_vnode:handle_command:36 Serving a GET request~n
2012-05-16 16:25:55.957 [info] <0.372.0>@proxima_vnode:handle_command:36 Serving a GET request~n
2012-05-16 16:25:55.957 [info] <0.372.0>@proxima_vnode:handle_command:36 Serving a GET request~n
2012-05-16 16:25:55.957 [info] <0.372.0>@proxima_vnode:handle_command:36 Serving a GET request~n
2012-05-16 16:25:55.957 [info] <0.372.0>@proxima_vnode:handle_command:36 Serving a GET request~n
2012-05-16 16:25:55.958 [info] <0.372.0>@proxima_vnode:handle_command:36 Serving a GET request~n
2012-05-16 16:25:55.958 [info] <0.372.0>@proxima_vnode:handle_command:36 Serving a GET request~n
2012-05-16 16:25:55.958 [info] <0.372.0>@proxima_vnode:handle_command:36 Serving a GET request~n
2012-05-16 16:25:55.958 [info] <0.372.0>@proxima_vnode:handle_command:36 Serving a GET request~n
2012-05-16 16:25:55.958 [info] <0.372.0>@proxima_vnode:handle_command:36 Serving a GET request~n
2012-05-16 16:25:55.958 [info] <0.372.0>@proxima_vnode:handle_command:36 Serving a GET request~n
2012-05-16 16:25:55.959 [info] <0.372.0>@proxima_vnode:handle_command:36 Serving a GET request~n
2012-05-16 16:25:55.959 [info] <0.372.0>@proxima_vnode:handle_command:36 Serving a GET request~n
2012-05-16 16:25:55.959 [info] <0.372.0>@proxima_vnode:handle_command:36 Serving a GET request~n
2012-05-16 16:25:55.959 [info] <0.372.0>@proxima_vnode:handle_command:36 Serving a GET request~n
2012-05-16 16:25:55.959 [info] <0.372.0>@proxima_vnode:handle_command:36 Serving a GET request~n
2012-05-16 16:25:55.959 [info] <0.372.0>@proxima_vnode:handle_command:36 Serving a GET request~n
2012-05-16 16:25:55.960 [info] <0.372.0>@proxima_vnode:handle_command:36 Serving a GET request~n
2012-05-16 16:25:55.960 [info] <0.372.0>@proxima_vnode:handle_command:36 Serving a GET request~n
2012-05-16 16:25:55.960 [info] <0.372.0>@proxima_vnode:handle_command:36 Serving a GET request~n
2012-05-16 16:25:55.960 [info] <0.372.0>@proxima_vnode:handle_command:36 Serving a GET request~n
2012-05-16 16:25:55.960 [info] <0.372.0>@proxima_vnode:handle_command:36 Serving a GET request~n
2012-05-16 16:25:55.960 [info] <0.372.0>@proxima_vnode:handle_command:36 Serving a GET request~n
2012-05-16 16:25:55.960 [info] <0.372.0>@proxima_vnode:handle_command:36 Serving a GET request~n
2012-05-16 16:25:55.960 [info] <0.372.0>@proxima_vnode:handle_command:36 Serving a GET request~n
2012-05-16 16:25:55.961 [info] <0.372.0>@proxima_vnode:handle_command:36 Serving a GET request~n
2012-05-16 16:25:55.961 [info] <0.372.0>@proxima_vnode:handle_command:36 Serving a GET request~n
2012-05-16 16:25:55.961 [info] <0.372.0>@proxima_vnode:handle_command:36 Serving a GET request~n
2012-05-16 16:25:55.961 [info] <0.372.0>@proxima_vnode:handle_command:36 Serving a GET request~n
2012-05-16 16:25:55.961 [info] <0.372.0>@proxima_vnode:handle_command:36 Serving a GET request~n
2012-05-16 16:25:55.961 [info] <0.372.0>@proxima_vnode:handle_command:36 Serving a GET request~n
2012-05-16 16:25:55.961 [info] <0.372.0>@proxima_vnode:handle_command:36 Serving a GET request~n
2012-05-16 16:25:55.962 [info] <0.372.0>@proxima_vnode:handle_command:36 Serving a GET request~n
2012-05-16 16:25:55.962 [info] <0.372.0>@proxima_vnode:handle_command:36 Serving a GET request~n
2012-05-16 16:25:55.962 [info] <0.372.0>@proxima_vnode:handle_command:36 Serving a GET request~n
2012-05-16 16:25:55.962 [info] <0.372.0>@proxima_vnode:handle_command:36 Serving a GET request~n
2012-05-16 16:25:55.962 [info] <0.372.0>@proxima_vnode:handle_command:36 Serving a GET request~n
2012-05-16 16:25:55.962 [info] <0.372.0>@proxima_vnode:handle_command:36 Serving a GET request~n
2012-05-16 16:25:55.962 [info] <0.372.0>@proxima_vnode:handle_command:36 Serving a GET request~n
2012-05-16 16:25:55.962 [info] <0.372.0>@proxima_vnode:handle_command:36 Serving a GET request~n
2012-05-16 16:25:55.963 [info] <0.372.0>@proxima_vnode:handle_command:36 Serving a GET request~n
2012-05-16 16:25:55.963 [info] <0.372.0>@proxima_vnode:handle_command:36 Serving a GET request~n
2012-05-16 16:25:55.963 [info] <0.372.0>@proxima_vnode:handle_command:36 Serving a GET request~n
2012-05-16 16:25:55.963 [info] <0.372.0>@proxima_vnode:handle_command:36 Serving a GET request~n
2012-05-16 16:25:55.963 [info] <0.372.0>@proxima_vnode:handle_command:36 Serving a GET request~n
2012-05-16 16:25:55.963 [info] <0.372.0>@proxima_vnode:handle_command:36 Serving a GET request~n
2012-05-16 16:25:55.963 [info] <0.372.0>@proxima_vnode:handle_command:36 Serving a GET request~n
2012-05-16 16:25:55.964 [info] <0.372.0>@proxima_vnode:handle_command:36 Serving a GET request~n
2012-05-16 16:25:55.964 [info] <0.372.0>@proxima_vnode:handle_command:36 Serving a GET request~n
2012-05-16 16:25:55.964 [info] <0.372.0>@proxima_vnode:handle_command:36 Serving a GET request~n
2012-05-16 16:25:55.964 [info] <0.372.0>@proxima_vnode:handle_command:36 Serving a GET request~n
2012-05-16 16:25:55.964 [info] <0.372.0>@proxima_vnode:handle_command:36 Serving a GET request~n
2012-05-16 16:25:55.964 [info] <0.372.0>@proxima_vnode:handle_command:36 Serving a GET request~n
2012-05-16 16:25:55.964 [info] <0.372.0>@proxima_vnode:handle_command:36 Serving a GET request~n
2012-05-16 16:25:55.965 [info] <0.372.0>@proxima_vnode:handle_command:36 Serving a GET request~n
2012-05-16 16:25:55.965 [info] <0.372.0>@proxima_vnode:handle_command:36 Serving a GET request~n
2012-05-16 16:25:55.965 [info] <0.372.0>@proxima_vnode:handle_command:36 Serving a GET request~n
2012-05-16 16:25:55.966 [info] <0.372.0>@proxima_vnode:handle_command:36 Serving a GET request~n
2012-05-16 16:25:55.967 [info] <0.372.0>@proxima_vnode:handle_command:36 Serving a GET request~n
2012-05-16 16:25:55.967 [info] <0.372.0>@proxima_vnode:handle_command:36 Serving a GET request~n
2012-05-16 16:25:55.968 [info] <0.372.0>@proxima_vnode:handle_command:36 Serving a GET request~n
2012-05-16 16:25:55.968 [info] <0.372.0>@proxima_vnode:handle_command:36 Serving a GET request~n
2012-05-16 16:25:55.968 [info] <0.372.0>@proxima_vnode:handle_command:36 Serving a GET request~n
2012-05-16 16:25:55.968 [info] <0.372.0>@proxima_vnode:handle_command:36 Serving a GET request~n
2012-05-16 16:25:55.968 [info] <0.372.0>@proxima_vnode:handle_command:36 Serving a GET request~n
2012-05-16 16:25:55.968 [info] <0.372.0>@proxima_vnode:handle_command:36 Serving a GET request~n
2012-05-16 16:25:55.969 [info] <0.372.0>@proxima_vnode:handle_command:36 Serving a GET request~n
2012-05-16 16:25:55.969 [info] <0.372.0>@proxima_vnode:handle_command:36 Serving a GET request~n
2012-05-16 16:25:55.969 [info] <0.372.0>@proxima_vnode:handle_command:36 Serving a GET request~n
2012-05-16 16:25:55.969 [info] <0.372.0>@proxima_vnode:handle_command:36 Serving a GET request~n
2012-05-16 16:25:55.969 [info] <0.372.0>@proxima_vnode:handle_command:36 Serving a GET request~n
2012-05-16 16:25:55.969 [info] <0.372.0>@proxima_vnode:handle_command:36 Serving a GET request~n
2012-05-16 16:25:55.970 [info] <0.372.0>@proxima_vnode:handle_command:36 Serving a GET request~n
2012-05-16 16:25:55.970 [info] <0.372.0>@proxima_vnode:handle_command:36 Serving a GET request~n
2012-05-16 16:25:55.970 [info] <0.372.0>@proxima_vnode:handle_command:36 Serving a GET request~n
2012-05-16 16:25:55.970 [info] <0.372.0>@proxima_vnode:handle_command:36 Serving a GET request~n
2012-05-16 16:25:55.970 [info] <0.372.0>@proxima_vnode:handle_command:36 Serving a GET request~n
2012-05-16 16:25:55.970 [info] <0.372.0>@proxima_vnode:handle_command:36 Serving a GET request~n
2012-05-16 16:25:55.970 [info] <0.372.0>@proxima_vnode:handle_command:36 Serving a GET request~n
2012-05-16 16:25:55.971 [info] <0.372.0>@proxima_vnode:handle_command:36 Serving a GET request~n
2012-05-16 16:25:55.971 [info] <0.372.0>@proxima_vnode:handle_command:36 Serving a GET request~n
2012-05-16 16:25:55.971 [info] <0.372.0>@proxima_vnode:handle_command:36 Serving a GET request~n
2012-05-16 16:25:55.971 [info] <0.372.0>@proxima_vnode:handle_command:36 Serving a GET request~n
2012-05-16 16:25:55.971 [info] <0.372.0>@proxima_vnode:handle_command:36 Serving a GET request~n
2012-05-16 16:25:55.971 [info] <0.372.0>@proxima_vnode:handle_command:36 Serving a GET request~n
2012-05-16 16:25:55.972 [info] <0.372.0>@proxima_vnode:handle_command:36 Serving a GET request~n
2012-05-16 16:25:55.972 [info] <0.372.0>@proxima_vnode:handle_command:36 Serving a GET request~n
2012-05-16 16:25:55.972 [info] <0.372.0>@proxima_vnode:handle_command:36 Serving a GET request~n
2012-05-16 16:25:55.972 [info] <0.372.0>@proxima_vnode:handle_command:36 Serving a GET request~n
2012-05-16 16:25:55.972 [info] <0.372.0>@proxima_vnode:handle_command:36 Serving a GET request~n
2012-05-16 16:25:55.972 [info] <0.372.0>@proxima_vnode:handle_command:36 Serving a GET request~n
2012-05-16 16:25:55.973 [info] <0.372.0>@proxima_vnode:handle_command:36 Serving a GET request~n
2012-05-16 16:25:55.973 [info] <0.372.0>@proxima_vnode:handle_command:36 Serving a GET request~n
2012-05-16 16:25:55.973 [info] <0.372.0>@proxima_vnode:handle_command:36 Serving a GET request~n
2012-05-16 16:25:55.973 [info] <0.372.0>@proxima_vnode:handle_command:36 Serving a GET request~n
2012-05-16 16:25:55.973 [info] <0.372.0>@proxima_vnode:handle_command:36 Serving a GET request~n
2012-05-16 16:25:55.973 [info] <0.372.0>@proxima_vnode:handle_command:36 Serving a GET request~n
2012-05-16 16:25:55.974 [info] <0.372.0>@proxima_vnode:handle_command:36 Serving a GET request~n
2012-05-16 16:25:55.974 [info] <0.372.0>@proxima_vnode:handle_command:36 Serving a GET request~n
2012-05-16 16:25:55.974 [info] <0.372.0>@proxima_vnode:handle_command:36 Serving a GET request~n
2012-05-16 16:25:55.974 [info] <0.372.0>@proxima_vnode:handle_command:36 Serving a GET request~n
2012-05-16 16:25:55.974 [info] <0.372.0>@proxima_vnode:handle_command:36 Serving a GET request~n
2012-05-16 16:25:55.974 [info] <0.372.0>@proxima_vnode:handle_command:36 Serving a GET request~n
2012-05-16 16:25:55.975 [info] <0.372.0>@proxima_vnode:handle_command:36 Serving a GET request~n
2012-05-16 16:25:55.975 [info] <0.372.0>@proxima_vnode:handle_command:36 Serving a GET request~n
2012-05-16 16:25:55.975 [info] <0.372.0>@proxima_vnode:handle_command:36 Serving a GET request~n
2012-05-16 16:25:55.975 [info] <0.372.0>@proxima_vnode:handle_command:36 Serving a GET request~n
2012-05-16 16:25:55.975 [info] <0.372.0>@proxima_vnode:handle_command:36 Serving a GET request~n
2012-05-16 16:25:55.975 [info] <0.372.0>@proxima_vnode:handle_command:36 Serving a GET request~n
2012-05-16 16:25:55.975 [info] <0.372.0>@proxima_vnode:handle_command:36 Serving a GET request~n
2012-05-16 16:25:55.976 [info] <0.372.0>@proxima_vnode:handle_command:36 Serving a GET request~n
2012-05-16 16:25:55.976 [info] <0.372.0>@proxima_vnode:handle_command:36 Serving a GET request~n
2012-05-16 16:25:55.976 [info] <0.372.0>@proxima_vnode:handle_command:36 Serving a GET request~n
2012-05-16 16:25:55.976 [info] <0.372.0>@proxima_vnode:handle_command:36 Serving a GET request~n
2012-05-16 16:25:55.976 [info] <0.372.0>@proxima_vnode:handle_command:36 Serving a GET request~n
2012-05-16 16:25:55.977 [info] <0.372.0>@proxima_vnode:handle_command:36 Serving a GET request~n
2012-05-16 16:25:55.977 [info] <0.372.0>@proxima_vnode:handle_command:36 Serving a GET request~n
2012-05-16 16:25:55.977 [info] <0.372.0>@proxima_vnode:handle_command:36 Serving a GET request~n
2012-05-16 16:25:55.977 [info] <0.372.0>@proxima_vnode:handle_command:36 Serving a GET request~n
2012-05-16 16:25:55.977 [info] <0.372.0>@proxima_vnode:handle_command:36 Serving a GET request~n
2012-05-16 16:25:55.977 [info] <0.372.0>@proxima_vnode:handle_command:36 Serving a GET request~n
2012-05-16 16:25:55.978 [info] <0.372.0>@proxima_vnode:handle_command:36 Serving a GET request~n
2012-05-16 16:25:55.978 [info] <0.372.0>@proxima_vnode:handle_command:36 Serving a GET request~n
2012-05-16 16:25:55.978 [info] <0.372.0>@proxima_vnode:handle_command:36 Serving a GET request~n
2012-05-16 16:25:55.978 [info] <0.372.0>@proxima_vnode:handle_command:36 Serving a GET request~n
2012-05-16 16:25:55.978 [info] <0.372.0>@proxima_vnode:handle_command:36 Serving a GET request~n
2012-05-16 16:25:55.978 [info] <0.372.0>@proxima_vnode:handle_command:36 Serving a GET request~n
2012-05-16 16:25:55.978 [info] <0.372.0>@proxima_vnode:handle_command:36 Serving a GET request~n
2012-05-16 16:25:55.979 [info] <0.372.0>@proxima_vnode:handle_command:36 Serving a GET request~n
2012-05-16 16:25:55.979 [info] <0.372.0>@proxima_vnode:handle_command:36 Serving a GET request~n
2012-05-16 16:25:55.979 [info] <0.372.0>@proxima_vnode:handle_command:36 Serving a GET request~n
2012-05-16 16:25:55.979 [info] <0.372.0>@proxima_vnode:handle_command:36 Serving a GET request~n
2012-05-16 16:25:55.979 [info] <0.372.0>@proxima_vnode:handle_command:36 Serving a GET request~n
2012-05-16 16:25:55.980 [info] <0.372.0>@proxima_vnode:handle_command:36 Serving a GET request~n
2012-05-16 16:25:55.980 [info] <0.372.0>@proxima_vnode:handle_command:36 Serving a GET request~n
2012-05-16 16:25:55.980 [info] <0.372.0>@proxima_vnode:handle_command:36 Serving a GET request~n
2012-05-16 16:25:55.980 [info] <0.372.0>@proxima_vnode:handle_command:36 Serving a GET request~n
2012-05-16 16:25:55.980 [info] <0.372.0>@proxima_vnode:handle_command:36 Serving a GET request~n
2012-05-16 16:25:55.980 [info] <0.372.0>@proxima_vnode:handle_command:36 Serving a GET request~n
2012-05-16 16:25:55.981 [info] <0.372.0>@proxima_vnode:handle_command:36 Serving a GET request~n
2012-05-16 16:25:55.981 [info] <0.372.0>@proxima_vnode:handle_command:36 Serving a GET request~n
2012-05-16 16:25:55.981 [info] <0.372.0>@proxima_vnode:handle_command:36 Serving a GET request~n
2012-05-16 16:25:55.981 [info] <0.372.0>@proxima_vnode:handle_command:36 Serving a GET request~n
2012-05-16 16:25:55.981 [info] <0.372.0>@proxima_vnode:handle_command:36 Serving a GET request~n
2012-05-16 16:25:55.981 [info] <0.372.0>@proxima_vnode:handle_command:36 Serving a GET request~n
2012-05-16 16:25:55.981 [info] <0.372.0>@proxima_vnode:handle_command:36 Serving a GET request~n
2012-05-16 16:25:55.982 [info] <0.372.0>@proxima_vnode:handle_command:36 Serving a GET request~n
2012-05-16 16:25:55.982 [info] <0.372.0>@proxima_vnode:handle_command:36 Serving a GET request~n
2012-05-16 16:25:55.982 [info] <0.372.0>@proxima_vnode:handle_command:36 Serving a GET request~n
2012-05-16 16:25:55.982 [info] <0.372.0>@proxima_vnode:handle_command:36 Serving a GET request~n
2012-05-16 16:25:55.982 [info] <0.372.0>@proxima_vnode:handle_command:36 Serving a GET request~n
2012-05-16 16:25:55.982 [info] <0.372.0>@proxima_vnode:handle_command:36 Serving a GET request~n
2012-05-16 16:25:55.983 [info] <0.372.0>@proxima_vnode:handle_command:36 Serving a GET request~n
2012-05-16 16:25:55.983 [info] <0.372.0>@proxima_vnode:handle_command:36 Serving a GET request~n
2012-05-16 16:25:55.983 [info] <0.372.0>@proxima_vnode:handle_command:36 Serving a GET request~n
2012-05-16 16:25:55.983 [info] <0.372.0>@proxima_vnode:handle_command:36 Serving a GET request~n
2012-05-16 16:25:55.983 [info] <0.372.0>@proxima_vnode:handle_command:36 Serving a GET request~n
2012-05-16 16:25:55.983 [info] <0.372.0>@proxima_vnode:handle_command:36 Serving a GET request~n
2012-05-16 16:25:55.984 [info] <0.372.0>@proxima_vnode:handle_command:36 Serving a GET request~n
2012-05-16 16:25:55.984 [info] <0.372.0>@proxima_vnode:handle_command:36 Serving a GET request~n
2012-05-16 16:25:55.984 [info] <0.372.0>@proxima_vnode:handle_command:36 Serving a GET request~n
2012-05-16 16:25:55.984 [info] <0.372.0>@proxima_vnode:handle_command:36 Serving a GET request~n
2012-05-16 16:25:55.984 [info] <0.372.0>@proxima_vnode:handle_command:36 Serving a GET request~n
2012-05-16 16:25:55.985 [info] <0.372.0>@proxima_vnode:handle_command:36 Serving a GET request~n
2012-05-16 16:25:55.985 [info] <0.372.0>@proxima_vnode:handle_command:36 Serving a GET request~n
2012-05-16 16:25:55.985 [info] <0.372.0>@proxima_vnode:handle_command:36 Serving a GET request~n
2012-05-16 16:25:55.985 [info] <0.372.0>@proxima_vnode:handle_command:36 Serving a GET request~n
2012-05-16 16:25:55.985 [info] <0.372.0>@proxima_vnode:handle_command:36 Serving a GET request~n
2012-05-16 16:25:55.985 [info] <0.372.0>@proxima_vnode:handle_command:36 Serving a GET request~n
2012-05-16 16:25:55.986 [info] <0.372.0>@proxima_vnode:handle_command:36 Serving a GET request~n
2012-05-16 16:25:55.986 [info] <0.372.0>@proxima_vnode:handle_command:36 Serving a GET request~n
2012-05-16 16:25:55.986 [info] <0.372.0>@proxima_vnode:handle_command:36 Serving a GET request~n
2012-05-16 16:25:55.986 [info] <0.372.0>@proxima_vnode:handle_command:36 Serving a GET request~n
2012-05-16 16:25:55.986 [info] <0.372.0>@proxima_vnode:handle_command:36 Serving a GET request~n
2012-05-16 16:25:55.986 [info] <0.372.0>@proxima_vnode:handle_command:36 Serving a GET request~n
2012-05-16 16:25:55.986 [info] <0.372.0>@proxima_vnode:handle_command:36 Serving a GET request~n
2012-05-16 16:25:55.987 [info] <0.372.0>@proxima_vnode:handle_command:36 Serving a GET request~n
2012-05-16 16:25:55.987 [info] <0.372.0>@proxima_vnode:handle_command:36 Serving a GET request~n
2012-05-16 16:25:55.987 [info] <0.372.0>@proxima_vnode:handle_command:36 Serving a GET request~n
2012-05-16 16:25:55.987 [info] <0.372.0>@proxima_vnode:handle_command:36 Serving a GET request~n
2012-05-16 16:25:55.987 [info] <0.372.0>@proxima_vnode:handle_command:36 Serving a GET request~n
2012-05-16 16:25:55.987 [info] <0.372.0>@proxima_vnode:handle_command:36 Serving a GET request~n
2012-05-16 16:25:55.988 [info] <0.372.0>@proxima_vnode:handle_command:36 Serving a GET request~n
2012-05-16 16:25:55.988 [info] <0.372.0>@proxima_vnode:handle_command:36 Serving a GET request~n
2012-05-16 16:25:55.988 [info] <0.372.0>@proxima_vnode:handle_command:36 Serving a GET request~n
2012-05-16 16:25:55.988 [info] <0.372.0>@proxima_vnode:handle_command:36 Serving a GET request~n
2012-05-16 16:25:55.988 [info] <0.372.0>@proxima_vnode:handle_command:36 Serving a GET request~n
2012-05-16 16:25:55.988 [info] <0.372.0>@proxima_vnode:handle_command:36 Serving a GET request~n
2012-05-16 16:25:55.989 [info] <0.372.0>@proxima_vnode:handle_command:36 Serving a GET request~n
2012-05-16 16:25:55.989 [info] <0.372.0>@proxima_vnode:handle_command:36 Serving a GET request~n
2012-05-16 16:25:55.989 [info] <0.372.0>@proxima_vnode:handle_command:36 Serving a GET request~n
2012-05-16 16:25:55.989 [info] <0.372.0>@proxima_vnode:handle_command:36 Serving a GET request~n
2012-05-16 16:25:55.989 [info] <0.372.0>@proxima_vnode:handle_command:36 Serving a GET request~n
2012-05-16 16:25:55.989 [info] <0.372.0>@proxima_vnode:handle_command:36 Serving a GET request~n
2012-05-16 16:25:55.990 [info] <0.372.0>@proxima_vnode:handle_command:36 Serving a GET request~n
2012-05-16 16:25:55.990 [info] <0.372.0>@proxima_vnode:handle_command:36 Serving a GET request~n
2012-05-16 16:25:55.990 [info] <0.372.0>@proxima_vnode:handle_command:36 Serving a GET request~n
2012-05-16 16:25:55.990 [info] <0.372.0>@proxima_vnode:handle_command:36 Serving a GET request~n
2012-05-16 16:25:55.990 [info] <0.372.0>@proxima_vnode:handle_command:36 Serving a GET request~n
2012-05-16 16:25:55.990 [info] <0.372.0>@proxima_vnode:handle_command:36 Serving a GET request~n
2012-05-16 16:25:55.991 [info] <0.372.0>@proxima_vnode:handle_command:36 Serving a GET request~n
2012-05-16 16:25:55.991 [info] <0.372.0>@proxima_vnode:handle_command:36 Serving a GET request~n
2012-05-16 16:25:55.991 [info] <0.372.0>@proxima_vnode:handle_command:36 Serving a GET request~n
2012-05-16 16:25:55.991 [info] <0.372.0>@proxima_vnode:handle_command:36 Serving a GET request~n
2012-05-16 16:25:55.991 [info] <0.372.0>@proxima_vnode:handle_command:36 Serving a GET request~n
2012-05-16 16:25:55.991 [info] <0.372.0>@proxima_vnode:handle_command:36 Serving a GET request~n
2012-05-16 16:25:55.992 [info] <0.372.0>@proxima_vnode:handle_command:36 Serving a GET request~n
2012-05-16 16:25:55.992 [info] <0.372.0>@proxima_vnode:handle_command:36 Serving a GET request~n
2012-05-16 16:25:55.992 [info] <0.372.0>@proxima_vnode:handle_command:36 Serving a GET request~n
2012-05-16 16:25:55.992 [info] <0.372.0>@proxima_vnode:handle_command:36 Serving a GET request~n
2012-05-16 16:25:55.992 [info] <0.372.0>@proxima_vnode:handle_command:36 Serving a GET request~n
2012-05-16 16:25:55.992 [info] <0.372.0>@proxima_vnode:handle_command:36 Serving a GET request~n
2012-05-16 16:25:55.993 [info] <0.372.0>@proxima_vnode:handle_command:36 Serving a GET request~n
2012-05-16 16:25:55.993 [info] <0.372.0>@proxima_vnode:handle_command:36 Serving a GET request~n
2012-05-16 16:25:55.993 [info] <0.372.0>@proxima_vnode:handle_command:36 Serving a GET request~n
2012-05-16 16:25:55.993 [info] <0.372.0>@proxima_vnode:handle_command:36 Serving a GET request~n
2012-05-16 16:25:55.993 [info] <0.372.0>@proxima_vnode:handle_command:36 Serving a GET request~n
2012-05-16 16:25:55.993 [info] <0.372.0>@proxima_vnode:handle_command:36 Serving a GET request~n
2012-05-16 16:25:55.993 [info] <0.372.0>@proxima_vnode:handle_command:36 Serving a GET request~n
2012-05-16 16:25:55.993 [info] <0.372.0>@proxima_vnode:handle_command:36 Serving a GET request~n
2012-05-16 16:25:55.994 [info] <0.372.0>@proxima_vnode:handle_command:36 Serving a GET request~n
2012-05-16 16:25:55.994 [info] <0.372.0>@proxima_vnode:handle_command:36 Serving a GET request~n
2012-05-16 16:25:55.994 [info] <0.372.0>@proxima_vnode:handle_command:36 Serving a GET request~n
2012-05-16 16:25:55.994 [info] <0.372.0>@proxima_vnode:handle_command:36 Serving a GET request~n
2012-05-16 16:25:55.994 [info] <0.372.0>@proxima_vnode:handle_command:36 Serving a GET request~n
2012-05-16 16:25:55.994 [info] <0.372.0>@proxima_vnode:handle_command:36 Serving a GET request~n
2012-05-16 16:25:55.994 [info] <0.372.0>@proxima_vnode:handle_command:36 Serving a GET request~n
2012-05-16 16:25:55.994 [info] <0.372.0>@proxima_vnode:handle_command:36 Serving a GET request~n
2012-05-16 16:25:55.994 [info] <0.372.0>@proxima_vnode:handle_command:36 Serving a GET request~n
2012-05-16 16:25:55.995 [info] <0.372.0>@proxima_vnode:handle_command:36 Serving a GET request~n
2012-05-16 16:25:55.995 [info] <0.372.0>@proxima_vnode:handle_command:36 Serving a GET request~n
2012-05-16 16:25:55.995 [info] <0.372.0>@proxima_vnode:handle_command:36 Serving a GET request~n
2012-05-16 16:25:55.995 [info] <0.372.0>@proxima_vnode:handle_command:36 Serving a GET request~n
2012-05-16 16:25:55.995 [info] <0.372.0>@proxima_vnode:handle_command:36 Serving a GET request~n
2012-05-16 16:25:55.995 [info] <0.372.0>@proxima_vnode:handle_command:36 Serving a GET request~n
2012-05-16 16:25:55.995 [info] <0.372.0>@proxima_vnode:handle_command:36 Serving a GET request~n
2012-05-16 16:25:55.996 [info] <0.372.0>@proxima_vnode:handle_command:36 Serving a GET request~n
2012-05-16 16:25:55.996 [info] <0.372.0>@proxima_vnode:handle_command:36 Serving a GET request~n
2012-05-16 16:25:55.996 [info] <0.372.0>@proxima_vnode:handle_command:36 Serving a GET request~n
2012-05-16 16:25:55.996 [info] <0.372.0>@proxima_vnode:handle_command:36 Serving a GET request~n
2012-05-16 16:25:55.996 [info] <0.372.0>@proxima_vnode:handle_command:36 Serving a GET request~n
2012-05-16 16:25:55.996 [info] <0.372.0>@proxima_vnode:handle_command:36 Serving a GET request~n
2012-05-16 16:25:55.996 [info] <0.372.0>@proxima_vnode:handle_command:36 Serving a GET request~n
2012-05-16 16:25:55.997 [info] <0.372.0>@proxima_vnode:handle_command:36 Serving a GET request~n
2012-05-16 16:25:55.997 [info] <0.372.0>@proxima_vnode:handle_command:36 Serving a GET request~n
2012-05-16 16:25:55.997 [info] <0.372.0>@proxima_vnode:handle_command:36 Serving a GET request~n
2012-05-16 16:25:55.997 [info] <0.372.0>@proxima_vnode:handle_command:36 Serving a GET request~n
2012-05-16 16:25:55.997 [info] <0.372.0>@proxima_vnode:handle_command:36 Serving a GET request~n
2012-05-16 16:25:55.997 [info] <0.372.0>@proxima_vnode:handle_command:36 Serving a GET request~n
2012-05-16 16:25:55.997 [info] <0.372.0>@proxima_vnode:handle_command:36 Serving a GET request~n
2012-05-16 16:25:55.998 [info] <0.372.0>@proxima_vnode:handle_command:36 Serving a GET request~n
2012-05-16 16:25:55.998 [info] <0.372.0>@proxima_vnode:handle_command:36 Serving a GET request~n
2012-05-16 16:25:55.998 [info] <0.372.0>@proxima_vnode:handle_command:36 Serving a GET request~n
2012-05-16 16:25:55.998 [info] <0.372.0>@proxima_vnode:handle_command:36 Serving a GET request~n
2012-05-16 16:25:55.998 [info] <0.372.0>@proxima_vnode:handle_command:36 Serving a GET request~n
2012-05-16 16:25:55.998 [info] <0.372.0>@proxima_vnode:handle_command:36 Serving a GET request~n
2012-05-16 16:25:55.998 [info] <0.372.0>@proxima_vnode:handle_command:36 Serving a GET request~n
2012-05-16 16:25:55.999 [info] <0.372.0>@proxima_vnode:handle_command:36 Serving a GET request~n
2012-05-16 16:25:55.999 [info] <0.372.0>@proxima_vnode:handle_command:36 Serving a GET request~n
2012-05-16 16:25:55.999 [info] <0.372.0>@proxima_vnode:handle_command:36 Serving a GET request~n
2012-05-16 16:25:55.999 [info] <0.372.0>@proxima_vnode:handle_command:36 Serving a GET request~n
2012-05-16 16:25:55.999 [info] <0.372.0>@proxima_vnode:handle_command:36 Serving a GET request~n
2012-05-16 16:25:55.999 [info] <0.372.0>@proxima_vnode:handle_command:36 Serving a GET request~n
2012-05-16 16:25:55.999 [info] <0.372.0>@proxima_vnode:handle_command:36 Serving a GET request~n
2012-05-16 16:25:55.999 [info] <0.372.0>@proxima_vnode:handle_command:36 Serving a GET request~n
2012-05-16 16:25:56.000 [info] <0.372.0>@proxima_vnode:handle_command:36 Serving a GET request~n
2012-05-16 16:25:56.000 [info] <0.372.0>@proxima_vnode:handle_command:36 Serving a GET request~n
2012-05-16 16:25:56.000 [info] <0.372.0>@proxima_vnode:handle_command:36 Serving a GET request~n
2012-05-16 16:25:56.000 [info] <0.372.0>@proxima_vnode:handle_command:36 Serving a GET request~n
2012-05-16 16:25:56.000 [info] <0.372.0>@proxima_vnode:handle_command:36 Serving a GET request~n
2012-05-16 16:25:56.000 [info] <0.372.0>@proxima_vnode:handle_command:36 Serving a GET request~n
2012-05-16 16:25:56.000 [info] <0.372.0>@proxima_vnode:handle_command:36 Serving a GET request~n
2012-05-16 16:25:56.001 [info] <0.372.0>@proxima_vnode:handle_command:36 Serving a GET request~n
2012-05-16 16:25:56.001 [info] <0.372.0>@proxima_vnode:handle_command:36 Serving a GET request~n
2012-05-16 16:25:56.001 [info] <0.372.0>@proxima_vnode:handle_command:36 Serving a GET request~n
2012-05-16 16:25:56.001 [info] <0.372.0>@proxima_vnode:handle_command:36 Serving a GET request~n
2012-05-16 16:25:56.001 [info] <0.372.0>@proxima_vnode:handle_command:36 Serving a GET request~n
2012-05-16 16:25:56.001 [info] <0.372.0>@proxima_vnode:handle_command:36 Serving a GET request~n
2012-05-16 16:25:56.001 [info] <0.372.0>@proxima_vnode:handle_command:36 Serving a GET request~n
2012-05-16 16:25:56.001 [info] <0.372.0>@proxima_vnode:handle_command:36 Serving a GET request~n
2012-05-16 16:25:56.002 [info] <0.372.0>@proxima_vnode:handle_command:36 Serving a GET request~n
2012-05-16 16:25:56.002 [info] <0.372.0>@proxima_vnode:handle_command:36 Serving a GET request~n
2012-05-16 16:25:56.002 [info] <0.372.0>@proxima_vnode:handle_command:36 Serving a GET request~n
2012-05-16 16:25:56.002 [info] <0.372.0>@proxima_vnode:handle_command:36 Serving a GET request~n
2012-05-16 16:25:56.002 [info] <0.372.0>@proxima_vnode:handle_command:36 Serving a GET request~n
2012-05-16 16:25:56.002 [info] <0.372.0>@proxima_vnode:handle_command:36 Serving a GET request~n
2012-05-16 16:25:56.002 [info] <0.372.0>@proxima_vnode:handle_command:36 Serving a GET request~n
2012-05-16 16:25:56.003 [info] <0.372.0>@proxima_vnode:handle_command:36 Serving a GET request~n
2012-05-16 16:25:56.003 [info] <0.372.0>@proxima_vnode:handle_command:36 Serving a GET request~n
2012-05-16 16:25:56.003 [info] <0.372.0>@proxima_vnode:handle_command:36 Serving a GET request~n
2012-05-16 16:25:56.003 [info] <0.372.0>@proxima_vnode:handle_command:36 Serving a GET request~n
2012-05-16 16:25:56.003 [info] <0.372.0>@proxima_vnode:handle_command:36 Serving a GET request~n
2012-05-16 16:25:56.003 [info] <0.372.0>@proxima_vnode:handle_command:36 Serving a GET request~n
2012-05-16 16:25:56.003 [info] <0.372.0>@proxima_vnode:handle_command:36 Serving a GET request~n
2012-05-16 16:25:56.004 [info] <0.372.0>@proxima_vnode:handle_command:36 Serving a GET request~n
2012-05-16 16:25:56.004 [info] <0.372.0>@proxima_vnode:handle_command:36 Serving a GET request~n
2012-05-16 16:25:56.004 [info] <0.372.0>@proxima_vnode:handle_command:36 Serving a GET request~n
2012-05-16 16:25:56.004 [info] <0.372.0>@proxima_vnode:handle_command:36 Serving a GET request~n
2012-05-16 16:25:56.004 [info] <0.372.0>@proxima_vnode:handle_command:36 Serving a GET request~n
2012-05-16 16:25:56.004 [info] <0.372.0>@proxima_vnode:handle_command:36 Serving a GET request~n
2012-05-16 16:25:56.004 [info] <0.372.0>@proxima_vnode:handle_command:36 Serving a GET request~n
2012-05-16 16:25:56.004 [info] <0.372.0>@proxima_vnode:handle_command:36 Serving a GET request~n
2012-05-16 16:25:56.005 [info] <0.372.0>@proxima_vnode:handle_command:36 Serving a GET request~n
2012-05-16 16:25:56.005 [info] <0.372.0>@proxima_vnode:handle_command:36 Serving a GET request~n
2012-05-16 16:25:56.005 [info] <0.372.0>@proxima_vnode:handle_command:36 Serving a GET request~n
2012-05-16 16:25:56.005 [info] <0.372.0>@proxima_vnode:handle_command:36 Serving a GET request~n
2012-05-16 16:25:56.005 [info] <0.372.0>@proxima_vnode:handle_command:36 Serving a GET request~n
2012-05-16 16:25:56.005 [info] <0.372.0>@proxima_vnode:handle_command:36 Serving a GET request~n
2012-05-16 16:25:56.005 [info] <0.372.0>@proxima_vnode:handle_command:36 Serving a GET request~n
2012-05-16 16:25:56.005 [info] <0.372.0>@proxima_vnode:handle_command:36 Serving a GET request~n
2012-05-16 16:25:56.006 [info] <0.372.0>@proxima_vnode:handle_command:36 Serving a GET request~n
2012-05-16 16:25:56.006 [info] <0.372.0>@proxima_vnode:handle_command:36 Serving a GET request~n
