2012-05-16 13:13:54 =CRASH REPORT====
  crasher:
    initial call: gen:init_it/7
    pid: <0.118.0>
    registered_name: []
    exception exit: {undef,[{lager,info,["Starting HTTP server on ~p",[3000]]},{hello_world_vnode_dispatcher,init,1},{gen_server2,init_it,6},{proc_lib,init_p_do_apply,3}]}
      in function  gen_server2:init_it/6
      in call from proc_lib:init_p_do_apply/3
    ancestors: [hello_world_sup,<0.116.0>]
    messages: []
    links: [<0.117.0>]
    dictionary: []
    trap_exit: false
    status: running
    heap_size: 377
    stack_size: 24
    reductions: 671
  neighbours:
2012-05-16 13:13:54 =SUPERVISOR REPORT====
     Supervisor: {local,hello_world_sup}
     Context:    start_error
     Reason:     {undef,[{lager,info,["Starting HTTP server on ~p",[3000]]},{hello_world_vnode_dispatcher,init,1},{gen_server2,init_it,6},{proc_lib,init_p_do_apply,3}]}
     Offender:   [{pid,undefined},{name,hello_world_vnode_dispatcher_master},{mfargs,{hello_world_vnode_dispatcher,start_link,[]}},{restart_type,permanent},{shutdown,5000},{child_type,worker}]

2012-05-16 13:19:09 =CRASH REPORT====
  crasher:
    initial call: gen:init_it/7
    pid: <0.119.0>
    registered_name: []
    exception exit: {undef,[{lager,info,["Starting HTTP server on ~p",[3000]]},{hello_world_vnode_dispatcher,init,1},{gen_server2,init_it,6},{proc_lib,init_p_do_apply,3}]}
      in function  gen_server2:init_it/6
      in call from proc_lib:init_p_do_apply/3
    ancestors: [hello_world_sup,<0.117.0>]
    messages: []
    links: [<0.118.0>]
    dictionary: []
    trap_exit: false
    status: running
    heap_size: 377
    stack_size: 24
    reductions: 671
  neighbours:
2012-05-16 13:19:09 =SUPERVISOR REPORT====
     Supervisor: {local,hello_world_sup}
     Context:    start_error
     Reason:     {undef,[{lager,info,["Starting HTTP server on ~p",[3000]]},{hello_world_vnode_dispatcher,init,1},{gen_server2,init_it,6},{proc_lib,init_p_do_apply,3}]}
     Offender:   [{pid,undefined},{name,hello_world_vnode_dispatcher_master},{mfargs,{hello_world_vnode_dispatcher,start_link,[]}},{restart_type,permanent},{shutdown,5000},{child_type,worker}]

2012-05-16 14:57:50 =CRASH REPORT====
  crasher:
    initial call: gen:init_it/7
    pid: <0.119.0>
    registered_name: []
    exception exit: {undef,[{lager,info,["Starting HTTP server on ~p",[3000]]},{hello_world_vnode_dispatcher,init,1},{gen_server2,init_it,6},{proc_lib,init_p_do_apply,3}]}
      in function  gen_server2:init_it/6
      in call from proc_lib:init_p_do_apply/3
    ancestors: [hello_world_sup,<0.117.0>]
    messages: []
    links: [<0.118.0>]
    dictionary: []
    trap_exit: false
    status: running
    heap_size: 377
    stack_size: 24
    reductions: 671
  neighbours:
2012-05-16 14:57:50 =SUPERVISOR REPORT====
     Supervisor: {local,hello_world_sup}
     Context:    start_error
     Reason:     {undef,[{lager,info,["Starting HTTP server on ~p",[3000]]},{hello_world_vnode_dispatcher,init,1},{gen_server2,init_it,6},{proc_lib,init_p_do_apply,3}]}
     Offender:   [{pid,undefined},{name,hello_world_vnode_dispatcher_master},{mfargs,{hello_world_vnode_dispatcher,start_link,[]}},{restart_type,permanent},{shutdown,5000},{child_type,worker}]

2012-05-16 15:00:37 =CRASH REPORT====
  crasher:
    initial call: gen:init_it/7
    pid: <0.119.0>
    registered_name: []
    exception exit: {undef,[{lager,info,["Starting HTTP server on ~p",[3000]]},{hello_world_vnode_dispatcher,init,1},{gen_server2,init_it,6},{proc_lib,init_p_do_apply,3}]}
      in function  gen_server2:init_it/6
      in call from proc_lib:init_p_do_apply/3
    ancestors: [hello_world_sup,<0.117.0>]
    messages: []
    links: [<0.118.0>]
    dictionary: []
    trap_exit: false
    status: running
    heap_size: 377
    stack_size: 24
    reductions: 671
  neighbours:
2012-05-16 15:00:37 =SUPERVISOR REPORT====
     Supervisor: {local,hello_world_sup}
     Context:    start_error
     Reason:     {undef,[{lager,info,["Starting HTTP server on ~p",[3000]]},{hello_world_vnode_dispatcher,init,1},{gen_server2,init_it,6},{proc_lib,init_p_do_apply,3}]}
     Offender:   [{pid,undefined},{name,hello_world_vnode_dispatcher_master},{mfargs,{hello_world_vnode_dispatcher,start_link,[]}},{restart_type,permanent},{shutdown,5000},{child_type,worker}]

2012-05-16 15:00:51 =CRASH REPORT====
  crasher:
    initial call: riak_core_vnode:init/1
    pid: <0.202.0>
    registered_name: []
    exception exit: {undef,[{lager,debug,["started ~p at partition ~p",[hello_world_vnode,0]]},{hello_world_vnode,init,1},{riak_core_vnode,init,1},{gen_fsm,init_it,6},{proc_lib,init_p_do_apply,3}]}
      in function  gen_fsm:init_it/6
      in call from proc_lib:init_p_do_apply/3
    ancestors: [riak_core_vnode_sup,riak_core_sup,<0.92.0>]
    messages: []
    links: [<0.96.0>]
    dictionary: []
    trap_exit: true
    status: running
    heap_size: 377
    stack_size: 24
    reductions: 116
  neighbours:
2012-05-16 15:00:51 =SUPERVISOR REPORT====
     Supervisor: {local,riak_core_vnode_sup}
     Context:    child_terminated
     Reason:     {undef,[{lager,debug,["started ~p at partition ~p",[hello_world_vnode,0]]},{hello_world_vnode,init,1},{riak_core_vnode,init,1},{gen_fsm,init_it,6},{proc_lib,init_p_do_apply,3}]}
     Offender:   [{pid,<0.202.0>},{name,undefined},{mfargs,{riak_core_vnode,start_link,undefined}},{restart_type,temporary},{shutdown,300000},{child_type,worker}]

2012-05-16 15:00:51 =ERROR REPORT====
** Generic server riak_core_vnode_manager terminating 
** Last message in was {0,hello_world_vnode,get_vnode}
** When Server state == {state,20501,[{{hello_world_vnode,0},undefined},{{hello_world_vnode,22835963083295358096932575511191922182123945984},undefined},{{hello_world_vnode,45671926166590716193865151022383844364247891968},undefined},{{hello_world_vnode,68507889249886074290797726533575766546371837952},undefined},{{hello_world_vnode,91343852333181432387730302044767688728495783936},undefined},{{hello_world_vnode,114179815416476790484662877555959610910619729920},undefined},{{hello_world_vnode,137015778499772148581595453067151533092743675904},undefined},{{hello_world_vnode,159851741583067506678528028578343455274867621888},undefined},{{hello_world_vnode,182687704666362864775460604089535377456991567872},undefined},{{hello_world_vnode,205523667749658222872393179600727299639115513856},undefined},{{hello_world_vnode,228359630832953580969325755111919221821239459840},undefined},{{hello_world_vnode,251195593916248939066258330623111144003363405824},undefined},{{hello_world_vnode,274031556999544297163190906134303066185487351808},undefined},{{hello_world_vnode,296867520082839655260123481645494988367611297792},undefined},{{hello_world_vnode,319703483166135013357056057156686910549735243776},undefined},{{hello_world_vnode,342539446249430371453988632667878832731859189760},undefined},{{hello_world_vnode,365375409332725729550921208179070754913983135744},undefined},{{hello_world_vnode,388211372416021087647853783690262677096107081728},undefined},{{hello_world_vnode,411047335499316445744786359201454599278231027712},undefined},{{hello_world_vnode,433883298582611803841718934712646521460354973696},undefined},{{hello_world_vnode,456719261665907161938651510223838443642478919680},undefined},{{hello_world_vnode,479555224749202520035584085735030365824602865664},undefined},{{hello_world_vnode,502391187832497878132516661246222288006726811648},undefined},{{hello_world_vnode,525227150915793236229449236757414210188850757632},undefined},{{hello_world_vnode,548063113999088594326381812268606132370974703616},undefined},{{hello_world_vnode,570899077082383952423314387779798054553098649600},undefined},{{hello_world_vnode,593735040165679310520246963290989976735222595584},undefined},{{hello_world_vnode,616571003248974668617179538802181898917346541568},undefined},{{hello_world_vnode,639406966332270026714112114313373821099470487552},undefined},{{hello_world_vnode,662242929415565384811044689824565743281594433536},undefined},{{hello_world_vnode,685078892498860742907977265335757665463718379520},undefined},{{hello_world_vnode,707914855582156101004909840846949587645842325504},undefined},{{hello_world_vnode,730750818665451459101842416358141509827966271488},undefined},{{hello_world_vnode,753586781748746817198774991869333432010090217472},undefined},{{hello_world_vnode,776422744832042175295707567380525354192214163456},undefined},{{hello_world_vnode,799258707915337533392640142891717276374338109440},undefined},{{hello_world_vnode,822094670998632891489572718402909198556462055424},undefined},{{hello_world_vnode,844930634081928249586505293914101120738586001408},undefined},{{hello_world_vnode,867766597165223607683437869425293042920709947392},undefined},{{hello_world_vnode,890602560248518965780370444936484965102833893376},undefined},{{hello_world_vnode,913438523331814323877303020447676887284957839360},undefined},{{hello_world_vnode,936274486415109681974235595958868809467081785344},undefined},{{hello_world_vnode,959110449498405040071168171470060731649205731328},undefined},{{hello_world_vnode,981946412581700398168100746981252653831329677312},undefined},{{hello_world_vnode,1004782375664995756265033322492444576013453623296},undefined},{{hello_world_vnode,1027618338748291114361965898003636498195577569280},undefined},{{hello_world_vnode,1050454301831586472458898473514828420377701515264},undefined},{{hello_world_vnode,1073290264914881830555831049026020342559825461248},undefined},{{hello_world_vnode,1096126227998177188652763624537212264741949407232},undefined},{{hello_world_vnode,1118962191081472546749696200048404186924073353216},undefined},{{hello_world_vnode,1141798154164767904846628775559596109106197299200},undefined},{{hello_world_vnode,1164634117248063262943561351070788031288321245184},undefined},{{hello_world_vnode,1187470080331358621040493926581979953470445191168},undefined},{{hello_world_vnode,1210306043414653979137426502093171875652569137152},undefined},{{hello_world_vnode,1233142006497949337234359077604363797834693083136},undefined},{{hello_world_vnode,1255977969581244695331291653115555720016817029120},undefined},{{hello_world_vnode,1278813932664540053428224228626747642198940975104},undefined},{{hello_world_vnode,1301649895747835411525156804137939564381064921088},undefined},{{hello_world_vnode,1324485858831130769622089379649131486563188867072},undefined},{{hello_world_vnode,1347321821914426127719021955160323408745312813056},undefined},{{hello_world_vnode,1370157784997721485815954530671515330927436759040},undefined},{{hello_world_vnode,1392993748081016843912887106182707253109560705024},undefined},{{hello_world_vnode,1415829711164312202009819681693899175291684651008},undefined},{{hello_world_vnode,1438665674247607560106752257205091097473808596992},undefined}],[]}
** Reason for termination == 
** {{badmatch,{error,{undef,[{lager,debug,["started ~p at partition ~p",[hello_world_vnode,0]]},{hello_world_vnode,init,1},{riak_core_vnode,init,1},{gen_fsm,init_it,6},{proc_lib,init_p_do_apply,3}]}}},[{riak_core_vnode_manager,get_vnode,3},{riak_core_vnode_manager,handle_call,3},{gen_server,handle_msg,5},{proc_lib,init_p_do_apply,3}]}
2012-05-16 15:00:51 =CRASH REPORT====
  crasher:
    initial call: riak_core_vnode_manager:init/1
    pid: <0.111.0>
    registered_name: riak_core_vnode_manager
    exception exit: {{badmatch,{error,{undef,[{lager,debug,["started ~p at partition ~p",[hello_world_vnode,0]]},{hello_world_vnode,init,1},{riak_core_vnode,init,1},{gen_fsm,init_it,6},{proc_lib,init_p_do_apply,3}]}}},[{riak_core_vnode_manager,get_vnode,3},{riak_core_vnode_manager,handle_call,3},{gen_server,handle_msg,5},{proc_lib,init_p_do_apply,3}]}
      in function  gen_server:terminate/6
      in call from proc_lib:init_p_do_apply/3
    ancestors: [riak_core_sup,<0.92.0>]
    messages: []
    links: [<0.93.0>]
    dictionary: []
    trap_exit: false
    status: running
    heap_size: 4181
    stack_size: 24
    reductions: 7143
  neighbours:
2012-05-16 15:00:51 =SUPERVISOR REPORT====
     Supervisor: {local,riak_core_sup}
     Context:    child_terminated
     Reason:     {{badmatch,{error,{undef,[{lager,debug,["started ~p at partition ~p",[hello_world_vnode,0]]},{hello_world_vnode,init,1},{riak_core_vnode,init,1},{gen_fsm,init_it,6},{proc_lib,init_p_do_apply,3}]}}},[{riak_core_vnode_manager,get_vnode,3},{riak_core_vnode_manager,handle_call,3},{gen_server,handle_msg,5},{proc_lib,init_p_do_apply,3}]}
     Offender:   [{pid,<0.111.0>},{name,riak_core_vnode_manager},{mfargs,{riak_core_vnode_manager,start_link,[]}},{restart_type,permanent},{shutdown,5000},{child_type,worker}]

2012-05-16 15:04:53 =CRASH REPORT====
  crasher:
    initial call: riak_core_vnode:init/1
    pid: <0.131.0>
    registered_name: []
    exception exit: {undef,[{lager,debug,["started ~p at partition ~p",[hello_world_vnode,0]]},{hello_world_vnode,init,1},{riak_core_vnode,init,1},{gen_fsm,init_it,6},{proc_lib,init_p_do_apply,3}]}
      in function  gen_fsm:init_it/6
      in call from proc_lib:init_p_do_apply/3
    ancestors: [riak_core_vnode_sup,riak_core_sup,<0.91.0>]
    messages: []
    links: [<0.95.0>]
    dictionary: []
    trap_exit: true
    status: running
    heap_size: 377
    stack_size: 24
    reductions: 116
  neighbours:
2012-05-16 15:04:53 =SUPERVISOR REPORT====
     Supervisor: {local,riak_core_vnode_sup}
     Context:    child_terminated
     Reason:     {undef,[{lager,debug,["started ~p at partition ~p",[hello_world_vnode,0]]},{hello_world_vnode,init,1},{riak_core_vnode,init,1},{gen_fsm,init_it,6},{proc_lib,init_p_do_apply,3}]}
     Offender:   [{pid,<0.131.0>},{name,undefined},{mfargs,{riak_core_vnode,start_link,undefined}},{restart_type,temporary},{shutdown,300000},{child_type,worker}]

2012-05-16 15:04:53 =ERROR REPORT====
** Generic server hello_world_vnode_master terminating 
** Last message in was {0,get_vnode}
** When Server state == {state,36889,undefined,hello_world_vnode,undefined}
** Reason for termination == 
** {{badmatch,{error,{undef,[{lager,debug,["started ~p at partition ~p",[hello_world_vnode,0]]},{hello_world_vnode,init,1},{riak_core_vnode,init,1},{gen_fsm,init_it,6},{proc_lib,init_p_do_apply,3}]}}},[{riak_core_vnode_master,get_vnode,2},{riak_core_vnode_master,handle_call,3},{gen_server,handle_msg,5},{proc_lib,init_p_do_apply,3}]}
2012-05-16 15:04:53 =CRASH REPORT====
  crasher:
    initial call: riak_core_vnode_master:init/1
    pid: <0.128.0>
    registered_name: hello_world_vnode_master
    exception exit: {{badmatch,{error,{undef,[{lager,debug,["started ~p at partition ~p",[hello_world_vnode,0]]},{hello_world_vnode,init,1},{riak_core_vnode,init,1},{gen_fsm,init_it,6},{proc_lib,init_p_do_apply,3}]}}},[{riak_core_vnode_master,get_vnode,2},{riak_core_vnode_master,handle_call,3},{gen_server,handle_msg,5},{proc_lib,init_p_do_apply,3}]}
      in function  gen_server:terminate/6
      in call from proc_lib:init_p_do_apply/3
    ancestors: [hello_world_sup,<0.111.0>]
    messages: []
    links: [<0.112.0>]
    dictionary: []
    trap_exit: false
    status: running
    heap_size: 377
    stack_size: 24
    reductions: 171
  neighbours:
2012-05-16 15:04:53 =SUPERVISOR REPORT====
     Supervisor: {local,hello_world_sup}
     Context:    child_terminated
     Reason:     {{badmatch,{error,{undef,[{lager,debug,["started ~p at partition ~p",[hello_world_vnode,0]]},{hello_world_vnode,init,1},{riak_core_vnode,init,1},{gen_fsm,init_it,6},{proc_lib,init_p_do_apply,3}]}}},[{riak_core_vnode_master,get_vnode,2},{riak_core_vnode_master,handle_call,3},{gen_server,handle_msg,5},{proc_lib,init_p_do_apply,3}]}
     Offender:   [{pid,<0.128.0>},{name,hello_world_vnode_master},{mfargs,{riak_core_vnode_master,start_link,[hello_world_vnode]}},{restart_type,permanent},{shutdown,5000},{child_type,worker}]

2012-05-16 15:07:12 =ERROR REPORT====
	module: misultin_http
	line: 708
error in custom loop: {undef,[{lager,debug,["Dispatching to ~p",[{1118962191081472546749696200048404186924073353216,'helloworld1@localhost'}]]},{hello_world_vnode_dispatcher,dispatch,1}]} serving request: {req,#Port<0.6179>,http,{127,0,0,1},49708,undefined,keep_alive,undefined,{1,1},'GET',{abs_path,"/"},[],[{'User-Agent',"curl/7.21.6 (x86_64-pc-linux-gnu) libcurl/7.21.6 OpenSSL/1.0.0e zlib/1.2.3.4 libidn/1.22 librtmp/2.3"},{'Host',"localhost:3000"},{'Accept',"*/*"}],<<>>,false}
2012-05-16 15:07:12 =ERROR REPORT====
Error in process <0.249.0> on node 'helloworld1@localhost' with exit value: {undef,[{lager,debug,["Dispatching to ~p",[{1118962191081472546749696200048404186924073353216,'helloworld1@localhost'}]]},{hello_world_vnode_dispatcher,dispatch,1}]}

2012-05-16 15:15:05 =CRASH REPORT====
  crasher:
    initial call: gen_nb_server:init/1
    pid: <0.98.0>
    registered_name: riak_core_handoff_listener
    exception exit: {{bad_return_value,{error,eaddrinuse}},[{gen_server,init_it,6,[{file,"gen_server.erl"},{line,332}]},{proc_lib,init_p_do_apply,3,[{file,"proc_lib.erl"},{line,227}]}]}
    ancestors: [riak_core_sup,<0.91.0>]
    messages: []
    links: [<0.92.0>,<0.99.0>]
    dictionary: []
    trap_exit: false
    status: running
    heap_size: 377
    stack_size: 24
    reductions: 355
  neighbours:
    neighbour: [{pid,<0.99.0>},{registered_name,riak_kv_handoff_listener},{initial_call,{process_proxy,init,['Argument__1']}},{current_function,{process_proxy,loop,1}},{ancestors,[riak_core_handoff_listener,riak_core_sup,<0.91.0>]},{messages,[]},{links,[<0.98.0>]},{dictionary,[]},{trap_exit,false},{status,waiting},{heap_size,233},{stack_size,4},{reductions,12}]
2012-05-16 15:15:05 =SUPERVISOR REPORT====
     Supervisor: {local,riak_core_sup}
     Context:    start_error
     Reason:     {bad_return_value,{error,eaddrinuse}}
     Offender:   [{pid,undefined},{name,riak_core_handoff_listener},{mfargs,{riak_core_handoff_listener,start_link,[]}},{restart_type,permanent},{shutdown,5000},{child_type,worker}]

2012-05-16 15:15:19 =CRASH REPORT====
  crasher:
    initial call: gen_nb_server:init/1
    pid: <0.98.0>
    registered_name: riak_core_handoff_listener
    exception exit: {{bad_return_value,{error,eaddrinuse}},[{gen_server,init_it,6,[{file,"gen_server.erl"},{line,332}]},{proc_lib,init_p_do_apply,3,[{file,"proc_lib.erl"},{line,227}]}]}
    ancestors: [riak_core_sup,<0.91.0>]
    messages: []
    links: [<0.92.0>,<0.99.0>]
    dictionary: []
    trap_exit: false
    status: running
    heap_size: 377
    stack_size: 24
    reductions: 355
  neighbours:
    neighbour: [{pid,<0.99.0>},{registered_name,riak_kv_handoff_listener},{initial_call,{process_proxy,init,['Argument__1']}},{current_function,{process_proxy,loop,1}},{ancestors,[riak_core_handoff_listener,riak_core_sup,<0.91.0>]},{messages,[]},{links,[<0.98.0>]},{dictionary,[]},{trap_exit,false},{status,waiting},{heap_size,233},{stack_size,4},{reductions,12}]
2012-05-16 15:15:19 =SUPERVISOR REPORT====
     Supervisor: {local,riak_core_sup}
     Context:    start_error
     Reason:     {bad_return_value,{error,eaddrinuse}}
     Offender:   [{pid,undefined},{name,riak_core_handoff_listener},{mfargs,{riak_core_handoff_listener,start_link,[]}},{restart_type,permanent},{shutdown,5000},{child_type,worker}]

